\BOOKMARK [1][-]{section.0.1}{\376\377\000S\000i\000n\000t\000e\000s\000i\000\040\000P\000r\000o\000t\000e\000i\000c\000a}{}% 1
\BOOKMARK [2][-]{subsection.0.1.1}{\376\377\000F\000a\000s\000e\000\040\0001\000:\000\040\000L\000a\000\040\000T\000r\000a\000s\000c\000r\000i\000z\000i\000o\000n\000e}{section.0.1}% 2
\BOOKMARK [2][-]{subsection.0.1.2}{\376\377\000F\000a\000s\000e\000\040\0002\000:\000\040\000L\000a\000\040\000T\000r\000a\000d\000u\000z\000i\000o\000n\000e}{section.0.1}% 3
\BOOKMARK [2][-]{subsection.0.1.3}{\376\377\000I\000l\000\040\000C\000o\000d\000i\000c\000e\000\040\000G\000e\000n\000e\000t\000i\000c\000o}{section.0.1}% 4
\BOOKMARK [2][-]{subsection.0.1.4}{\376\377\000I\000m\000p\000o\000r\000t\000a\000n\000z\000a\000\040\000d\000e\000l\000l\000a\000\040\000S\000i\000n\000t\000e\000s\000i\000\040\000P\000r\000o\000t\000e\000i\000c\000a}{section.0.1}% 5
\BOOKMARK [2][-]{subsection.0.1.5}{\376\377\000C\000o\000n\000c\000l\000u\000s\000i\000o\000n\000e}{section.0.1}% 6
\BOOKMARK [1][-]{section.0.2}{\376\377\000I\000n\000t\000r\000o\000d\000u\000z\000i\000o\000n\000e}{}% 7
\BOOKMARK [1][-]{section.0.3}{\376\377\000D\000o\000m\000i\000n\000i\000\040\000P\000D\000Z}{}% 8
\BOOKMARK [1][-]{section.0.4}{\376\377\000S\000t\000r\000u\000t\000t\000u\000r\000a\000\040\0003\000L\000N\000X\000:\000\040\000D\000o\000m\000i\000n\000i\000o\000\040\000P\000D\000Z\0002\000\040\000i\000s\000o\000l\000a\000t\000o}{}% 9
\BOOKMARK [2][-]{subsection.0.4.1}{\376\377\000D\000e\000t\000t\000a\000g\000l\000i\000\040\000t\000e\000c\000n\000i\000c\000i}{section.0.4}% 10
\BOOKMARK [1][-]{section.0.5}{\376\377\000S\000t\000r\000u\000t\000t\000u\000r\000a\000\040\0003\000L\000N\000Y\000:\000\040\000D\000o\000m\000i\000n\000i\000o\000\040\000P\000D\000Z\0002\000\040\000i\000n\000\040\000c\000o\000m\000p\000l\000e\000s\000s\000o\000\040\000c\000o\000n\000\040\000u\000n\000\040\000p\000e\000p\000t\000i\000d\000e}{}% 11
\BOOKMARK [2][-]{subsection.0.5.1}{\376\377\000A\000n\000a\000l\000i\000s\000i\000\040\000d\000e\000l\000l\000a\000\040\000s\000t\000r\000u\000t\000t\000u\000r\000a\000\040\0003\000L\000N\000Y}{section.0.5}% 12
\BOOKMARK [2][-]{subsection.0.5.2}{\376\377\000D\000e\000t\000t\000a\000g\000l\000i\000\040\000t\000e\000c\000n\000i\000c\000i}{section.0.5}% 13
\BOOKMARK [1][-]{section.0.6}{\376\377\000S\000i\000g\000n\000i\000f\000i\000c\000a\000t\000o\000\040\000b\000i\000o\000l\000o\000g\000i\000c\000o}{}% 14
\BOOKMARK [1][-]{section.0.7}{\376\377\000C\000o\000n\000c\000l\000u\000s\000i\000o\000n\000i}{}% 15
\BOOKMARK [1][-]{section.0.8}{\376\377\000I\000n\000t\000r\000o\000d\000u\000z\000i\000o\000n\000e}{}% 16
\BOOKMARK [1][-]{section.0.9}{\376\377\000M\000e\000c\000c\000a\000n\000i\000s\000m\000o\000\040\000A\000l\000l\000o\000s\000t\000e\000r\000i\000c\000o\000\040\000d\000e\000i\000\040\000D\000o\000m\000i\000n\000i\000\040\000P\000D\000Z}{}% 17
\BOOKMARK [2][-]{subsection.0.9.1}{\376\377\0001\000.\000\040\000R\000u\000o\000l\000o\000\040\000n\000e\000l\000l\000a\000\040\000s\000e\000g\000n\000a\000l\000a\000z\000i\000o\000n\000e\000\040\000c\000e\000l\000l\000u\000l\000a\000r\000e}{section.0.9}% 18
\BOOKMARK [2][-]{subsection.0.9.2}{\376\377\0002\000.\000\040\000A\000p\000p\000l\000i\000c\000a\000z\000i\000o\000n\000i\000\040\000t\000e\000r\000a\000p\000e\000u\000t\000i\000c\000h\000e}{section.0.9}% 19
\BOOKMARK [1][-]{section.0.10}{\376\377\000L\000o\000c\000a\000l\000i\000z\000z\000a\000z\000i\000o\000n\000e\000\040\000d\000e\000i\000\040\000D\000o\000m\000i\000n\000i\000\040\000P\000D\000Z\000\040\000n\000e\000l\000\040\000C\000o\000r\000p\000o\000\040\000U\000m\000a\000n\000o}{}% 20
\BOOKMARK [2][-]{subsection.0.10.1}{\376\377\0001\000.\000\040\000S\000i\000s\000t\000e\000m\000a\000\040\000N\000e\000r\000v\000o\000s\000o\000\040\000C\000e\000n\000t\000r\000a\000l\000e}{section.0.10}% 21
\BOOKMARK [2][-]{subsection.0.10.2}{\376\377\0002\000.\000\040\000T\000e\000s\000s\000u\000t\000i\000\040\000E\000p\000i\000t\000e\000l\000i\000a\000l\000i}{section.0.10}% 22
\BOOKMARK [2][-]{subsection.0.10.3}{\376\377\0003\000.\000\040\000S\000i\000s\000t\000e\000m\000a\000\040\000I\000m\000m\000u\000n\000i\000t\000a\000r\000i\000o}{section.0.10}% 23
\BOOKMARK [2][-]{subsection.0.10.4}{\376\377\0004\000.\000\040\000A\000l\000t\000r\000i\000\040\000t\000e\000s\000s\000u\000t\000i}{section.0.10}% 24
\BOOKMARK [1][-]{section.0.11}{\376\377\000S\000i\000g\000n\000i\000f\000i\000c\000a\000t\000o\000\040\000B\000i\000o\000l\000o\000g\000i\000c\000o\000\040\000e\000\040\000A\000p\000p\000l\000i\000c\000a\000z\000i\000o\000n\000i}{}% 25
\BOOKMARK [1][-]{section.0.12}{\376\377\000C\000o\000n\000c\000l\000u\000s\000i\000o\000n\000i}{}% 26
\BOOKMARK [1][-]{section.0.13}{\376\377\000F\000o\000n\000d\000a\000m\000e\000n\000t\000i\000\040\000d\000e\000i\000\040\000M\000o\000d\000e\000l\000l\000i\000\040\000G\000N\000M}{}% 27
\BOOKMARK [2][-]{subsection.0.13.1}{\376\377\000F\000l\000u\000t\000t\000u\000a\000z\000i\000o\000n\000i\000\040\000I\000s\000o\000t\000r\000o\000p\000i\000c\000h\000e\000\040\000e\000\040\000F\000a\000t\000t\000o\000r\000i\000\040\000B}{section.0.13}% 28
\BOOKMARK [2][-]{subsection.0.13.2}{\376\377\000D\000i\000p\000e\000n\000d\000e\000n\000z\000e\000\040\000d\000a\000l\000l\000a\000\040\000D\000i\000s\000t\000a\000n\000z\000a}{section.0.13}% 29
\BOOKMARK [1][-]{section.0.14}{\376\377\000A\000n\000a\000l\000i\000s\000i\000\040\000d\000e\000l\000l\000e\000\040\000T\000r\000a\000n\000s\000i\000z\000i\000o\000n\000i\000\040\000C\000o\000n\000f\000o\000r\000m\000a\000z\000i\000o\000n\000a\000l\000i}{}% 30
\BOOKMARK [1][-]{section.0.15}{\376\377\000V\000a\000l\000i\000d\000a\000z\000i\000o\000n\000i\000\040\000S\000p\000e\000r\000i\000m\000e\000n\000t\000a\000l\000i}{}% 31
\BOOKMARK [1][-]{section.0.16}{\376\377\000A\000p\000p\000l\000i\000c\000a\000z\000i\000o\000n\000i\000\040\000B\000i\000o\000l\000o\000g\000i\000c\000h\000e}{}% 32
\BOOKMARK [1][-]{section.0.17}{\376\377\000C\000o\000n\000c\000l\000u\000s\000i\000o\000n\000i}{}% 33
\BOOKMARK [1][-]{section.0.18}{\376\377\000L\000a\000\040\000T\000e\000o\000r\000i\000a\000\040\000d\000e\000i\000\040\000N\000e\000t\000w\000o\000r\000k\000\040\000e\000\040\000l\000a\000\040\000M\000a\000t\000r\000i\000c\000e\000\040\000d\000i\000\040\000K\000i\000r\000c\000h\000h\000o\000f\000f\000\040\000n\000e\000i\000\040\000G\000a\000u\000s\000s\000i\000a\000n\000\040\000N\000e\000t\000w\000o\000r\000k\000\040\000M\000o\000d\000e\000l\000s}{}% 34
\BOOKMARK [2][-]{subsection.0.18.1}{\376\377\000M\000a\000t\000r\000i\000c\000e\000\040\000d\000i\000\040\000A\000d\000i\000a\000c\000e\000n\000z\000a\000\040\000e\000\040\000M\000a\000t\000r\000i\000c\000e\000\040\000d\000i\000\040\000K\000i\000r\000c\000h\000h\000o\000f\000f}{section.0.18}% 35
\BOOKMARK [2][-]{subsection.0.18.2}{\376\377\000P\000r\000o\000p\000r\000i\000e\000t\000\340\000\040\000d\000e\000l\000l\000a\000\040\000M\000a\000t\000r\000i\000c\000e\000\040\000d\000i\000\040\000K\000i\000r\000c\000h\000h\000o\000f\000f}{section.0.18}% 36
\BOOKMARK [2][-]{subsection.0.18.3}{\376\377\000C\000o\000n\000n\000e\000s\000s\000i\000o\000n\000e\000\040\000a\000i\000\040\000M\000o\000d\000e\000l\000l\000i\000\040\000G\000N\000M}{section.0.18}% 37
\BOOKMARK [0][-]{chapter.1}{\376\377\000M\000o\000d\000i\000\040\000n\000o\000r\000m\000a\000l\000i\000\040\000n\000e\000l\000l\000e\000\040\000p\000r\000o\000t\000e\000i\000n\000e}{}% 38
\BOOKMARK [1][-]{section.1.1}{\376\377\000I\000l\000\040\000c\000o\000n\000t\000r\000i\000b\000u\000t\000o\000\040\000u\000n\000i\000c\000o\000\040\000d\000e\000l\000l\000a\000\040\000m\000e\000c\000c\000a\000n\000i\000c\000a\000\040\000s\000t\000a\000t\000i\000s\000t\000i\000c\000a\000\040\000n\000e\000l\000l\000o\000\040\000s\000t\000u\000d\000i\000o\000\040\000d\000e\000l\000l\000e\000\040\000p\000r\000o\000t\000e\000i\000n\000e}{chapter.1}% 39
\BOOKMARK [2][-]{subsection.1.1.1}{\376\377\000P\000r\000o\000s\000p\000e\000t\000t\000i\000v\000e\000\040\000c\000o\000m\000p\000l\000e\000m\000e\000n\000t\000a\000r\000i\000:\000\040\000f\000i\000s\000i\000c\000a\000\040\000e\000\040\000b\000i\000o\000l\000o\000g\000i\000a}{section.1.1}% 40
\BOOKMARK [2][-]{subsection.1.1.2}{\376\377\000M\000e\000c\000c\000a\000n\000i\000c\000a\000\040\000s\000t\000a\000t\000i\000s\000t\000i\000c\000a\000:\000\040\000u\000n\000\040\000l\000i\000n\000g\000u\000a\000g\000g\000i\000o\000\040\000u\000n\000i\000v\000e\000r\000s\000a\000l\000e\000\040\000p\000e\000r\000\040\000s\000i\000s\000t\000e\000m\000i\000\040\000c\000o\000m\000p\000l\000e\000s\000s\000i}{section.1.1}% 41
\BOOKMARK [2][-]{subsection.1.1.3}{\376\377\000U\000n\000\040\000e\000s\000e\000m\000p\000i\000o\000\040\000c\000o\000n\000c\000r\000e\000t\000o\000:\000\040\000l\000'\000a\000l\000l\000o\000s\000t\000e\000r\000i\000a}{section.1.1}% 42
\BOOKMARK [2][-]{subsection.1.1.4}{\376\377\000V\000a\000n\000t\000a\000g\000g\000i\000\040\000d\000e\000l\000l\000'\000a\000p\000p\000r\000o\000c\000c\000i\000o\000\040\000f\000i\000s\000i\000c\000o}{section.1.1}% 43
\BOOKMARK [2][-]{subsection.1.1.5}{\376\377\000C\000o\000l\000l\000a\000b\000o\000r\000a\000z\000i\000o\000n\000e\000\040\000i\000n\000t\000e\000r\000d\000i\000s\000c\000i\000p\000l\000i\000n\000a\000r\000e}{section.1.1}% 44
\BOOKMARK [1][-]{section.1.2}{\376\377\000C\000o\000n\000c\000l\000u\000s\000i\000o\000n\000i}{chapter.1}% 45
\BOOKMARK [1][-]{section.1.3}{\376\377\000L\000a\000\040\000m\000e\000c\000c\000a\000n\000i\000c\000a\000\040\000s\000t\000a\000t\000i\000s\000t\000i\000c\000a\000\040\000d\000e\000l\000\040\000n\000o\000n\000\040\000e\000q\000u\000i\000l\000i\000b\000r\000i\000o\000:\000\040\000u\000n\000a\000\040\000f\000i\000n\000e\000s\000t\000r\000a\000\040\000s\000u\000l\000l\000a\000\040\000r\000e\000a\000l\000t\000\340\000\040\000b\000i\000o\000l\000o\000g\000i\000c\000a}{chapter.1}% 46
\BOOKMARK [2][-]{subsection.1.3.1}{\376\377\000D\000i\000f\000f\000e\000r\000e\000n\000z\000e\000\040\000t\000r\000a\000\040\000e\000q\000u\000i\000l\000i\000b\000r\000i\000o\000\040\000e\000\040\000n\000o\000n\000\040\000e\000q\000u\000i\000l\000i\000b\000r\000i\000o}{section.1.3}% 47
\BOOKMARK [2][-]{subsection.1.3.2}{\376\377\000T\000e\000o\000r\000i\000a\000\040\000d\000e\000l\000\040\000n\000o\000n\000\040\000e\000q\000u\000i\000l\000i\000b\000r\000i\000o\000\040\000e\000\040\000s\000i\000s\000t\000e\000m\000i\000\040\000b\000i\000o\000l\000o\000g\000i\000c\000i}{section.1.3}% 48
\BOOKMARK [2][-]{subsection.1.3.3}{\376\377\000A\000p\000p\000l\000i\000c\000a\000z\000i\000o\000n\000i\000\040\000a\000l\000l\000a\000\040\000d\000i\000n\000a\000m\000i\000c\000a\000\040\000d\000e\000l\000l\000e\000\040\000p\000r\000o\000t\000e\000i\000n\000e}{section.1.3}% 49
\BOOKMARK [2][-]{subsection.1.3.4}{\376\377\000N\000o\000n\000\040\000e\000q\000u\000i\000l\000i\000b\000r\000i\000o\000\040\000e\000\040\000c\000a\000u\000s\000a\000l\000i\000t\000\340}{section.1.3}% 50
\BOOKMARK [2][-]{subsection.1.3.5}{\376\377\000V\000a\000n\000t\000a\000g\000g\000i\000\040\000d\000e\000l\000l\000'\000a\000p\000p\000r\000o\000c\000c\000i\000o\000\040\000d\000e\000l\000\040\000n\000o\000n\000\040\000e\000q\000u\000i\000l\000i\000b\000r\000i\000o}{section.1.3}% 51
\BOOKMARK [2][-]{subsection.1.3.6}{\376\377\000C\000r\000i\000t\000i\000c\000i\000t\000\340\000\040\000e\000\040\000s\000f\000i\000d\000e}{section.1.3}% 52
\BOOKMARK [1][-]{section.1.4}{\376\377\000C\000o\000n\000c\000l\000u\000s\000i\000o\000n\000i}{chapter.1}% 53
\BOOKMARK [1][-]{section.1.5}{\376\377\000M\000o\000d\000e\000l\000l\000o\000\040\000m\000a\000t\000e\000m\000a\000t\000i\000c\000o\000\040\000d\000e\000i\000\040\000m\000o\000d\000i\000\040\000n\000o\000r\000m\000a\000l\000i}{chapter.1}% 54
\BOOKMARK [1][-]{section.1.6}{\376\377\000I\000n\000t\000e\000r\000p\000r\000e\000t\000a\000z\000i\000o\000n\000e\000\040\000f\000i\000s\000i\000c\000a\000\040\000d\000e\000i\000\040\000m\000o\000d\000i\000\040\000n\000o\000r\000m\000a\000l\000i}{chapter.1}% 55
\BOOKMARK [1][-]{section.1.7}{\376\377\000A\000p\000p\000l\000i\000c\000a\000z\000i\000o\000n\000i\000\040\000d\000e\000l\000l\000a\000\040\000t\000e\000o\000r\000i\000a\000\040\000d\000e\000i\000\040\000m\000o\000d\000i\000\040\000n\000o\000r\000m\000a\000l\000i\000\040\000a\000l\000l\000e\000\040\000p\000r\000o\000t\000e\000i\000n\000e}{chapter.1}% 56
\BOOKMARK [1][-]{section.1.8}{\376\377\000M\000o\000d\000e\000l\000l\000i\000\040\000s\000e\000m\000p\000l\000i\000f\000i\000c\000a\000t\000i\000:\000\040\000e\000l\000a\000s\000t\000i\000c\000\040\000n\000e\000t\000w\000o\000r\000k\000\040\000m\000o\000d\000e\000l\000\040\000\050\000E\000N\000M\000\051}{chapter.1}% 57
\BOOKMARK [1][-]{section.1.9}{\376\377\000C\000o\000n\000c\000l\000u\000s\000i\000o\000n\000i}{chapter.1}% 58
\BOOKMARK [0][-]{chapter.2}{\376\377\000G\000a\000u\000s\000s\000i\000a\000n\000\040\000N\000e\000t\000w\000o\000r\000k\000\040\000M\000o\000d\000e\000l\000s\000\040\000\050\000G\000N\000M\000\051\000\040\000n\000e\000l\000l\000e\000\040\000p\000r\000o\000t\000e\000i\000n\000e}{}% 59
\BOOKMARK [1][-]{section.2.1}{\376\377\000D\000a\000l\000l\040\031\000H\000a\000m\000i\000l\000t\000o\000n\000i\000a\000n\000a\000\040\000a\000l\000l\000a\000\040\000d\000e\000s\000c\000r\000i\000z\000i\000o\000n\000e\000\040\000e\000l\000a\000s\000t\000i\000c\000a}{chapter.2}% 60
\BOOKMARK [1][-]{section.2.2}{\376\377\000F\000l\000u\000t\000t\000u\000a\000z\000i\000o\000n\000i\000\040\000e\000\040\000c\000o\000r\000r\000e\000l\000a\000z\000i\000o\000n\000i\000\040\000d\000i\000n\000a\000m\000i\000c\000h\000e}{chapter.2}% 61
\BOOKMARK [1][-]{section.2.3}{\376\377\000C\000o\000n\000c\000l\000u\000s\000i\000o\000n\000i}{chapter.2}% 62
\BOOKMARK [0][-]{chapter.3}{\376\377\000I\000n\000d\000i\000c\000a\000t\000o\000r\000i\000\040\000p\000e\000r\000\040\000l\000'\000a\000n\000a\000l\000i\000s\000i\000\040\000d\000e\000l\000l\000e\000\040\000d\000i\000n\000a\000m\000i\000c\000h\000e\000\040\000p\000r\000o\000t\000e\000i\000c\000h\000e\000\040\000e\000\040\000a\000l\000l\000o\000s\000t\000e\000r\000i\000c\000h\000e}{}% 63
\BOOKMARK [1][-]{subsection.3.0.1}{\376\377\000I\000l\000\040\000c\000o\000n\000c\000e\000t\000t\000o\000\040\000d\000i\000\040\000i\000n\000d\000i\000c\000a\000t\000o\000r\000i\000\040\000d\000i\000n\000a\000m\000i\000c\000i}{chapter.3}% 64
\BOOKMARK [2][-]{subsection.3.0.2}{\376\377\000T\000i\000p\000o\000l\000o\000g\000i\000e\000\040\000d\000i\000\040\000i\000n\000d\000i\000c\000a\000t\000o\000r\000i\000\040\000d\000i\000n\000a\000m\000i\000c\000i}{subsection.3.0.1}% 65
\BOOKMARK [1][-]{section.3.1}{\376\377\000I\000n\000t\000r\000o\000d\000u\000z\000i\000o\000n\000e}{chapter.3}% 66
\BOOKMARK [2][-]{subsection.3.1.1}{\376\377\000C\000a\000u\000s\000a\000l\000i\000t\000\340\000\040\000n\000e\000i\000\040\000s\000i\000s\000t\000e\000m\000i\000\040\000b\000i\000o\000l\000o\000g\000i\000c\000i}{section.3.1}% 67
\BOOKMARK [2][-]{subsection.3.1.2}{\376\377\000D\000i\000f\000f\000e\000r\000e\000n\000z\000a\000\040\000t\000r\000a\000\040\000c\000o\000r\000r\000e\000l\000a\000z\000i\000o\000n\000e\000\040\000e\000\040\000c\000a\000u\000s\000a\000l\000i\000t\000\340}{section.3.1}% 68
\BOOKMARK [1][-]{section.3.2}{\376\377\000I\000n\000d\000i\000c\000a\000t\000o\000r\000i\000\040\000p\000e\000r\000\040\000l\000'\000a\000n\000a\000l\000i\000s\000i\000\040\000d\000e\000l\000l\000a\000\040\000c\000a\000u\000s\000a\000l\000i\000t\000\340}{chapter.3}% 69
\BOOKMARK [2][-]{subsection.3.2.1}{\376\377\000C\000o\000r\000r\000e\000l\000a\000z\000i\000o\000n\000e}{section.3.2}% 70
\BOOKMARK [2][-]{subsection.3.2.2}{\376\377\000F\000u\000n\000z\000i\000o\000n\000e\000\040\000d\000i\000\040\000r\000i\000s\000p\000o\000s\000t\000a}{section.3.2}% 71
\BOOKMARK [2][-]{subsection.3.2.3}{\376\377\000T\000r\000a\000s\000f\000e\000r\000i\000m\000e\000n\000t\000o\000\040\000d\000i\000\040\000e\000n\000t\000r\000o\000p\000i\000a}{section.3.2}% 72
\BOOKMARK [1][-]{section.3.3}{\376\377\000P\000r\000o\000c\000e\000s\000s\000i\000\040\000s\000t\000o\000c\000a\000s\000t\000i\000c\000i\000\040\000n\000e\000l\000l\000a\000\040\000d\000i\000n\000a\000m\000i\000c\000a\000\040\000p\000r\000o\000t\000e\000i\000c\000a}{chapter.3}% 73
\BOOKMARK [2][-]{subsection.3.3.1}{\376\377\000M\000o\000d\000e\000l\000l\000o\000\040\000d\000i\000\040\000r\000e\000t\000e\000\040\000g\000a\000u\000s\000s\000i\000a\000n\000a\000\040\000\050\000G\000N\000M\000\051}{section.3.3}% 74
\BOOKMARK [2][-]{subsection.3.3.2}{\376\377\000P\000r\000o\000c\000e\000s\000s\000o\000\040\000d\000i\000\040\000O\000r\000n\000s\000t\000e\000i\000n\000-\000U\000h\000l\000e\000n\000b\000e\000c\000k}{section.3.3}% 75
\BOOKMARK [1][-]{section.3.4}{\376\377\000D\000i\000m\000o\000s\000t\000r\000a\000z\000i\000o\000n\000i\000\040\000m\000a\000t\000e\000m\000a\000t\000i\000c\000h\000e}{chapter.3}% 76
\BOOKMARK [2][-]{subsection.3.4.1}{\376\377\000D\000e\000r\000i\000v\000a\000z\000i\000o\000n\000e\000\040\000d\000e\000l\000l\000a\000\040\000f\000u\000n\000z\000i\000o\000n\000e\000\040\000d\000i\000\040\000r\000i\000s\000p\000o\000s\000t\000a}{section.3.4}% 77
\BOOKMARK [2][-]{subsection.3.4.2}{\376\377\000T\000r\000a\000s\000f\000e\000r\000i\000m\000e\000n\000t\000o\000\040\000d\000i\000\040\000e\000n\000t\000r\000o\000p\000i\000a}{section.3.4}% 78
\BOOKMARK [1][-]{section.3.5}{\376\377\000R\000i\000s\000u\000l\000t\000a\000t\000i\000\040\000e\000\040\000a\000p\000p\000l\000i\000c\000a\000z\000i\000o\000n\000i}{chapter.3}% 79
\BOOKMARK [2][-]{subsection.3.5.1}{\376\377\000C\000a\000s\000o\000\040\000d\000e\000l\000l\000'\000u\000b\000i\000q\000u\000i\000t\000i\000n\000a}{section.3.5}% 80
\BOOKMARK [1][-]{section.3.6}{\376\377\000C\000o\000n\000c\000l\000u\000s\000i\000o\000n\000i}{chapter.3}% 81
\BOOKMARK [1][-]{section.Alph0.1}{\376\377\000A\000p\000p\000e\000n\000d\000i\000c\000e\000:\000\040\000D\000e\000r\000i\000v\000a\000z\000i\000o\000n\000i\000\040\000e\000\040\000d\000e\000t\000t\000a\000g\000l\000i\000\040\000t\000e\000c\000n\000i\000c\000i}{chapter.3}% 82
\BOOKMARK [2][-]{subsection.Alph0.1.1}{\376\377\000T\000e\000o\000r\000e\000m\000a\000\040\000d\000i\000\040\000f\000l\000u\000t\000t\000u\000a\000z\000i\000o\000n\000e\000-\000d\000i\000s\000s\000i\000p\000a\000z\000i\000o\000n\000e}{section.Alph0.1}% 83
