\BOOKMARK [0][-]{Doc-Start}{\376\377\000I\000n\000d\000i\000c\000e}{}% 1
\BOOKMARK [0][-]{chapter*.2}{\376\377\000I\000n\000t\000r\000o\000d\000u\000c\000t\000i\000o\000n}{}% 2
\BOOKMARK [1][-]{section.0.1}{\376\377\000S\000t\000r\000u\000c\000t\000u\000r\000e\000\040\000o\000f\000\040\000a\000m\000i\000n\000o\000\040\000a\000c\000i\000d\000s}{chapter*.2}% 3
\BOOKMARK [1][-]{section.0.2}{\376\377\000P\000r\000o\000t\000e\000i\000n\000\040\000s\000t\000r\000u\000c\000t\000u\000r\000e}{chapter*.2}% 4
\BOOKMARK [2][-]{subsection.0.2.1}{\376\377\000P\000r\000i\000m\000a\000r\000y\000\040\000s\000t\000r\000u\000c\000t\000u\000r\000e}{section.0.2}% 5
\BOOKMARK [2][-]{subsection.0.2.2}{\376\377\000S\000e\000c\000o\000n\000d\000a\000r\000y\000\040\000s\000t\000r\000u\000c\000t\000u\000r\000e}{section.0.2}% 6
\BOOKMARK [2][-]{subsection.0.2.3}{\376\377\000T\000e\000r\000t\000i\000a\000r\000y\000\040\000s\000t\000r\000u\000c\000t\000u\000r\000e}{section.0.2}% 7
\BOOKMARK [2][-]{subsection.0.2.4}{\376\377\000Q\000u\000a\000t\000e\000r\000n\000a\000r\000y\000\040\000s\000t\000r\000u\000c\000t\000u\000r\000e}{section.0.2}% 8
\BOOKMARK [1][-]{section.0.3}{\376\377\000A\000l\000l\000o\000s\000t\000e\000r\000i\000c\000i\000t\000y}{chapter*.2}% 9
\BOOKMARK [2][-]{subsection.0.3.1}{\376\377\000Q\000U\000E\000S\000T\000A\000\040\000P\000A\000R\000T\000E\000\040\000L\000A\000\040\000M\000E\000T\000T\000O\000?\000\040\000L\000A\000\040\000S\000U\000A\000\040\000F\000I\000N\000A\000L\000I\000T\000A\000\040\000E\000'\000\040\000F\000A\000R\000E\000\040\000C\000A\000P\000I\000R\000E\000\040\000I\000N\000\040\000P\000R\000A\000T\000I\000C\000A\000\040\000A\000L\000\040\000L\000E\000T\000T\000O\000R\000E\000\040\000C\000O\000S\000I\000'\000\040\000C\000H\000E\000\040\000S\000I\000A\000\040\000M\000E\000N\000O\000\040\000A\000S\000T\000R\000A\000T\000T\000A\000\040\000Q\000U\000E\000S\000T\000A\000\040\000P\000R\000I\000M\000A\000\040\000P\000A\000R\000T\000E\000,\000\040\000D\000I\000M\000M\000I\000\040\000T\000U\000\040\000F\000A\000B\000I\000O}{section.0.3}% 10
\BOOKMARK [2][-]{subsection.0.3.2}{\376\377\000P\000r\000a\000c\000t\000i\000c\000a\000l\000\040\000e\000x\000e\000m\000p\000l\000e\000\040\000o\000f\000\040\000t\000h\000e\000\040\000m\000e\000c\000h\000a\000n\000i\000s\000m\000\040\000o\000f\000\040\000a\000l\000l\000o\000s\000t\000e\000r\000i\000c\000i\000t\000y}{section.0.3}% 11
\BOOKMARK [2][-]{subsection.0.3.3}{\376\377\000A\000p\000p\000l\000i\000c\000a\000t\000i\000o\000n\000s\000\040\000o\000f\000\040\000u\000n\000d\000e\000r\000s\000t\000a\000n\000d\000i\000n\000g\000\040\000p\000r\000o\000t\000e\000i\000n\000\040\000f\000u\000n\000c\000t\000i\000o\000n}{section.0.3}% 12
\BOOKMARK [1][-]{section.0.4}{\376\377\000P\000D\000Z\000\040\000D\000o\000m\000a\000i\000n}{chapter*.2}% 13
\BOOKMARK [0][-]{chapter.1}{\376\377\000M\000o\000d\000e\000l\000i\000n\000g\000\040\000t\000h\000e\000\040\000I\000n\000t\000e\000r\000a\000c\000t\000i\000o\000n\000\040\000b\000e\000t\000w\000e\000e\000n\000\040\000A\000m\000i\000n\000o\000\040\000A\000c\000i\000d\000s\000:\000\040\000G\000N\000M}{}% 14
\BOOKMARK [1][-]{section.1.1}{\376\377\000I\000n\000t\000e\000r\000p\000r\000e\000t\000a\000t\000i\000o\000n\000\040\000o\000f\000\040\000t\000h\000e\000\040\000T\000a\000y\000l\000o\000r\000\040\000E\000x\000p\000a\000n\000s\000i\000o\000n}{chapter.1}% 15
\BOOKMARK [1][-]{section.1.2}{\376\377\000G\000a\000u\000s\000s\000i\000a\000n\000\040\000N\000e\000t\000w\000o\000r\000k\000\040\000M\000o\000d\000e\000l\000\040\000\050\000G\000N\000M\000\051\000\040\000a\000n\000d\000\040\000c\000h\000a\000r\000a\000c\000t\000e\000r\000i\000s\000t\000i\000c\000s}{chapter.1}% 16
\BOOKMARK [0][-]{chapter.2}{\376\377\000I\000n\000t\000r\000o\000d\000u\000c\000t\000i\000o\000n\000\040\000t\000o\000\040\000c\000a\000u\000s\000a\000l\000i\000t\000y\000\040\000a\000n\000d\000\040\000c\000a\000u\000s\000a\000l\000i\000t\000y\000\040\000i\000n\000\040\000a\000l\000l\000o\000s\000t\000e\000r\000i\000c\000\040\000m\000e\000c\000h\000a\000n\000i\000s\000m\000s\000\040\000o\000f\000\040\000p\000r\000o\000t\000e\000i\000n\000s\000\040\000\050\000Q\000u\000i\000\040\000\350\000\040\000m\000o\000l\000t\000o\000\040\000s\000o\000t\000t\000i\000l\000e\000\040\000i\000l\000\040\000d\000i\000s\000c\000o\000r\000s\000o\000\040\000e\000\040\000p\000r\000o\000b\000a\000b\000i\000l\000m\000e\000n\000t\000e\000\040\000n\000o\000n\000\040\000d\000o\000v\000r\000e\000i\000\040\000t\000o\000c\000c\000a\000r\000e\000\040\000a\000l\000c\000u\000n\000i\000\040\000p\000u\000n\000t\000i\000\051}{}% 17
\BOOKMARK [1][-]{subsection.2.0.1}{\376\377\000C\000o\000r\000r\000e\000l\000a\000t\000i\000o\000n\000\040\000B\000e\000t\000w\000e\000e\000n\000\040\000F\000l\000u\000c\000t\000u\000a\000t\000i\000o\000n\000s}{chapter.2}% 18
\BOOKMARK [1][-]{section.2.1}{\376\377\000L\000i\000n\000e\000a\000r\000\040\000R\000e\000s\000p\000o\000n\000s\000e\000\040\000T\000h\000e\000o\000r\000e\000m}{chapter.2}% 19
\BOOKMARK [0][-]{chapter.3}{\376\377\000S\000t\000o\000c\000h\000a\000s\000t\000i\000c\000\040\000P\000r\000o\000c\000e\000s\000s\000e\000s}{}% 20
\BOOKMARK [1][-]{section.3.1}{\376\377\000G\000e\000n\000e\000r\000a\000l\000\040\000F\000r\000a\000m\000e\000w\000o\000r\000k}{chapter.3}% 21
\BOOKMARK [2][-]{subsection.3.1.1}{\376\377\000D\000y\000n\000a\000m\000i\000c\000s\000\040\000i\000n\000\040\000V\000e\000c\000t\000o\000r\000i\000a\000l\000\040\000F\000o\000r\000m}{section.3.1}% 22
\BOOKMARK [1][-]{section.3.2}{\376\377\000I\000n\000t\000r\000o\000d\000u\000c\000t\000i\000o\000n\000\040\000t\000o\000\040\000N\000o\000r\000m\000a\000l\000\040\000M\000o\000d\000e\000s\000\040\000a\000n\000d\000\040\000T\000h\000e\000i\000r\000\040\000P\000h\000y\000s\000i\000c\000a\000l\000\040\000S\000i\000g\000n\000i\000f\000i\000c\000a\000n\000c\000e\000\040\000i\000n\000\040\000P\000r\000o\000t\000e\000i\000n\000s}{chapter.3}% 23
\BOOKMARK [2][-]{subsection.3.2.1}{\376\377\000N\000o\000r\000m\000a\000l\000\040\000M\000o\000d\000e\000s\000\040\000a\000s\000\040\000E\000i\000g\000e\000n\000v\000e\000c\000t\000o\000r\000s\000\040\000o\000f\000\040\000t\000h\000e\000\040\000H\000e\000s\000s\000i\000a\000n\000\040\000M\000a\000t\000r\000i\000x}{section.3.2}% 24
\BOOKMARK [2][-]{subsection.3.2.2}{\376\377\000E\000q\000u\000a\000t\000i\000o\000n\000s\000\040\000o\000f\000\040\000M\000o\000t\000i\000o\000n\000\040\000i\000n\000\040\000T\000e\000r\000m\000s\000\040\000o\000f\000\040\000N\000o\000r\000m\000a\000l\000\040\000M\000o\000d\000e\000s}{section.3.2}% 25
\BOOKMARK [2][-]{subsection.3.2.3}{\376\377\000P\000h\000y\000s\000i\000c\000a\000l\000\040\000I\000n\000t\000e\000r\000p\000r\000e\000t\000a\000t\000i\000o\000n\000\040\000o\000f\000\040\000N\000o\000r\000m\000a\000l\000\040\000M\000o\000d\000e\000s\000\040\000i\000n\000\040\000P\000r\000o\000t\000e\000i\000n\000s}{section.3.2}% 26
\BOOKMARK [1][-]{section.3.3}{\376\377\000A\000n\000a\000l\000y\000t\000i\000c\000a\000l\000\040\000S\000o\000l\000u\000t\000i\000o\000n\000\040\000o\000f\000\040\000s\000t\000o\000c\000h\000a\000s\000t\000i\000c\000\040\000p\000r\000o\000c\000e\000s\000s\000\040\000w\000i\000t\000h\000\040\000n\000o\000r\000m\000a\000l\000\040\000m\000o\000d\000e\000s}{chapter.3}% 27
\BOOKMARK [1][-]{section.3.4}{\376\377\000S\000o\000l\000v\000i\000n\000g\000\040\000t\000h\000e\000\040\000D\000y\000n\000a\000m\000i\000c\000s\000\040\000U\000s\000i\000n\000g\000\040\000N\000o\000r\000m\000a\000l\000\040\000M\000o\000d\000e\000s}{chapter.3}% 28
\BOOKMARK [1][-]{section.3.5}{\376\377\000S\000o\000l\000u\000t\000i\000o\000n\000\040\000o\000f\000\040\000t\000h\000e\000\040\000S\000t\000o\000c\000h\000a\000s\000t\000i\000c\000\040\000E\000q\000u\000a\000t\000i\000o\000n}{chapter.3}% 29
\BOOKMARK [2][-]{subsection.3.5.1}{\376\377\000C\000o\000v\000a\000r\000i\000a\000n\000c\000e}{section.3.5}% 30
\BOOKMARK [2][-]{subsection.3.5.2}{\376\377\000R\000e\000s\000p\000o\000n\000s\000e\000\040\000F\000u\000n\000c\000t\000i\000o\000n}{section.3.5}% 31
\BOOKMARK [2][-]{subsection.3.5.3}{\376\377\000T\000r\000a\000n\000s\000f\000e\000r\000\040\000E\000n\000t\000r\000o\000p\000y}{section