\BOOKMARK [0][-]{chapter*.1}{\376\377\000I\000n\000d\000i\000c\000e}{}% 1
\BOOKMARK [0][-]{chapter*.1}{\376\377\000I\000n\000d\000i\000c\000e}{}% 2
\BOOKMARK [0][-]{chapter*.3}{\376\377\000I\000n\000t\000r\000o\000d\000u\000c\000t\000i\000o\000n}{}% 3
\BOOKMARK [1][-]{section.0.1}{\376\377\000S\000t\000r\000u\000c\000t\000u\000r\000e\000\040\000o\000f\000\040\000A\000m\000i\000n\000o\000\040\000A\000c\000i\000d\000s}{chapter*.3}% 4
\BOOKMARK [1][-]{section.0.1}{\376\377\000I\000n\000t\000r\000o\000d\000u\000c\000t\000i\000o\000n}{chapter*.3}% 5
\BOOKMARK [2][-]{subsection.0.1.1}{\376\377\000F\000o\000r\000m\000a\000t\000i\000o\000n\000\040\000o\000f\000\040\000P\000r\000o\000t\000e\000i\000n\000s}{section.0.1}% 6
\BOOKMARK [2][-]{subsection.0.1.2}{\376\377\000S\000i\000g\000n\000i\000f\000i\000c\000a\000n\000c\000e\000\040\000o\000f\000\040\000A\000m\000i\000n\000o\000\040\000A\000c\000i\000d\000s\000\040\000i\000n\000\040\000P\000r\000o\000t\000e\000i\000n\000s}{section.0.1}% 7
\BOOKMARK [1][-]{section.0.2}{\376\377\000P\000r\000o\000t\000e\000i\000n\000\040\000s\000t\000r\000u\000c\000t\000u\000r\000e}{chapter*.3}% 8
\BOOKMARK [2][-]{subsection.0.2.1}{\376\377\000P\000r\000i\000m\000a\000r\000y\000\040\000S\000t\000r\000u\000c\000t\000u\000r\000e}{section.0.2}% 9
\BOOKMARK [2][-]{subsection.0.2.2}{\376\377\000S\000e\000c\000o\000n\000d\000a\000r\000y\000\040\000S\000t\000r\000u\000c\000t\000u\000r\000e}{section.0.2}% 10
\BOOKMARK [2][-]{subsection.0.2.3}{\376\377\000T\000e\000r\000t\000i\000a\000r\000y\000\040\000S\000t\000r\000u\000c\000t\000u\000r\000e}{section.0.2}% 11
\BOOKMARK [2][-]{subsection.0.2.4}{\376\377\000Q\000u\000a\000t\000e\000r\000n\000a\000r\000y\000\040\000S\000t\000r\000u\000c\000t\000u\000r\000e}{section.0.2}% 12
\BOOKMARK [1][-]{section.0.3}{\376\377\000A\000l\000l\000o\000s\000t\000e\000r\000i\000c\000i\000t\000y}{chapter*.3}% 13
\BOOKMARK [1][-]{section.0.4}{\376\377\000E\000x\000a\000m\000p\000l\000e\000\040\000o\000f\000\040\000A\000l\000l\000o\000s\000t\000e\000r\000i\000c\000i\000t\000y\000\040\000i\000n\000\040\000H\000e\000m\000o\000g\000l\000o\000b\000i\000n\000\040\000a\000n\000d\000\040\000R\000e\000d\000\040\000B\000l\000o\000o\000d\000\040\000C\000e\000l\000l\000s\000\040\000f\000o\000r\000\040\000O\000x\000y\000g\000e\000n\000\040\000T\000r\000a\000n\000s\000p\000o\000r\000t}{chapter*.3}% 14
\BOOKMARK [2][-]{subsection.0.4.1}{\376\377\000M\000e\000c\000h\000a\000n\000i\000s\000m\000\040\000o\000f\000\040\000A\000l\000l\000o\000s\000t\000e\000r\000i\000c\000i\000t\000y\000\040\000i\000n\000\040\000H\000e\000m\000o\000g\000l\000o\000b\000i\000n}{section.0.4}% 15
\BOOKMARK [2][-]{subsection.0.4.2}{\376\377\000P\000r\000a\000c\000t\000i\000c\000a\000l\000\040\000A\000p\000p\000l\000i\000c\000a\000t\000i\000o\000n\000s\000\040\000o\000f\000\040\000U\000n\000d\000e\000r\000s\000t\000a\000n\000d\000i\000n\000g\000\040\000A\000l\000l\000o\000s\000t\000e\000r\000i\000c\000i\000t\000y}{section.0.4}% 16
\BOOKMARK [2][-]{subsection.0.4.3}{\376\377\000S\000u\000m\000m\000a\000r\000y\000\040\000o\000f\000\040\000P\000o\000t\000e\000n\000t\000i\000a\000l\000\040\000A\000p\000p\000l\000i\000c\000a\000t\000i\000o\000n\000s}{section.0.4}% 17
\BOOKMARK [0][-]{chapter.1}{\376\377\000P\000D\000Z\000\040\000D\000o\000m\000a\000i\000n}{}% 18
\BOOKMARK [0][-]{chapter.2}{\376\377\000M\000o\000d\000e\000l\000i\000z\000a\000t\000i\000o\000n\000\040\000o\000f\000\040\000t\000h\000e\000\040\000I\000n\000t\000e\000r\000a\000c\000t\000i\000o\000n\000\040\000b\000e\000t\000w\000e\000e\000n\000\040\000A\000m\000i\000n\000o\000\040\000A\000c\000i\000d\000s\000:\000\040\000G\000N\000M}{}% 19
\BOOKMARK [1][-]{section.2.1}{\376\377\000I\000n\000t\000e\000r\000p\000r\000e\000t\000i\000o\000n\000\040\000o\000f\000\040\000t\000h\000e\000\040\000T\000a\000y\000l\000o\000r\000\040\000E\000x\000p\000a\000n\000s\000i\000o\000n\000:\000\040\000T\000h\000e\000\040\000G\000a\000u\000s\000s\000i\000a\000n\000\040\000N\000e\000t\000w\000o\000r\000k\000\040\000M\000o\000d\000e\000l}{chapter.2}% 20
\BOOKMARK [2][-]{subsection.2.1.1}{\376\377\000G\000a\000u\000s\000s\000i\000a\000n\000\040\000N\000e\000t\000w\000o\000r\000k\000\040\000M\000o\000d\000e\000l\000\040\000\050\000G\000N\000M\000\051}{section.2.1}% 21
\BOOKMARK [1][-]{section.2.2}{\376\377\000U\000n\000d\000e\000r\000s\000t\000a\000n\000d\000i\000n\000g\000\040\000a\000n\000d\000\040\000C\000a\000u\000s\000a\000l\000i\000t\000y\000\040\000o\000f\000\040\000a\000l\000l\000o\000s\000t\000e\000r\000i\000c\000\040\000m\000e\000c\000h\000a\000n\000i\000s\000m\000s\000\040\000i\000n\000\040\000p\000r\000o\000t\000e\000i\000n\000s}{chapter.2}% 22
\BOOKMARK [2][-]{subsection.2.2.1}{\376\377\000R\000e\000n\000s\000p\000o\000n\000s\000e\000\040\000F\000u\000n\000c\000t\000i\000o\000n}{section.2.2}% 23
\BOOKMARK [0][-]{chapter.3}{\376\377\000S\000t\000o\000c\000h\000a\000s\000t\000i\000c\000\040\000p\000r\000o\000c\000e\000s\000s}{}% 24
\BOOKMARK [0][-]{chapter.4}{\376\377\000C\000o\000n\000c\000l\000u\000s\000i\000o\000n\000s\000\040\000S\000t\000a\000t\000i\000c\000a\000l\000\040\000a\000p\000r\000t}{}% 25
\BOOKMARK [0][-]{chapter.5}{\376\377\000C\000o\000n\000c\000l\000u\000s\000i\000o\000n\000s}{}% 26
