\BOOKMARK [0][-]{Doc-Start}{\376\377\000I\000n\000d\000e\000x}{}% 1
\BOOKMARK [0][-]{chapter.1}{\376\377\000I\000n\000t\000r\000o\000d\000u\000c\000t\000i\000o\000n}{}% 2
\BOOKMARK [1][-]{subsection.1.0.1}{\376\377\000T\000h\000e\000s\000i\000s\000\040\000S\000t\000r\000u\000c\000t\000u\000r\000e}{chapter.1}% 3
\BOOKMARK [0][-]{chapter.2}{\376\377\000P\000r\000o\000t\000e\000i\000n\000s}{}% 4
\BOOKMARK [1][-]{section.2.1}{\376\377\000S\000t\000r\000u\000c\000t\000u\000r\000e\000\040\000o\000f\000\040\000a\000m\000i\000n\000o\000\040\000a\000c\000i\000d\000s}{chapter.2}% 5
\BOOKMARK [1][-]{section.2.2}{\376\377\000P\000r\000o\000t\000e\000i\000n\000\040\000s\000t\000r\000u\000c\000t\000u\000r\000e}{chapter.2}% 6
\BOOKMARK [0][-]{chapter.3}{\376\377\000S\000t\000r\000u\000c\000t\000u\000r\000e\000-\000F\000u\000n\000c\000t\000i\000o\000n\000-\000D\000y\000n\000a\000m\000i\000c\000\040\000R\000e\000l\000a\000t\000i\000o\000n\000s\000h\000i\000p\000\040\000i\000n\000\040\000P\000r\000o\000t\000e\000i\000n\000s}{}% 7
\BOOKMARK [1][-]{section.3.1}{\376\377\000R\000e\000l\000a\000t\000i\000o\000n\000\040\000s\000t\000r\000u\000c\000t\000u\000r\000e\000-\000f\000u\000n\000c\000t\000i\000o\000n\000-\000d\000y\000n\000a\000m\000i\000c\000\040\000i\000n\000\040\000p\000r\000o\000t\000e\000i\000n\000s}{chapter.3}% 8
\BOOKMARK [1][-]{section.3.2}{\376\377\000A\000l\000l\000o\000s\000t\000e\000r\000y}{chapter.3}% 9
\BOOKMARK [2][-]{subsection.3.2.1}{\376\377\000C\000o\000n\000f\000o\000r\000m\000a\000t\000i\000o\000n\000a\000l\000\040\000A\000l\000l\000o\000s\000t\000e\000r\000y}{section.3.2}% 10
\BOOKMARK [2][-]{subsection.3.2.2}{\376\377\000D\000y\000n\000a\000m\000i\000c\000\040\000A\000l\000l\000o\000s\000t\000e\000r\000y}{section.3.2}% 11
\BOOKMARK [2][-]{subsection.3.2.3}{\376\377\000C\000a\000u\000s\000a\000l\000\040\000A\000l\000l\000o\000s\000t\000e\000r\000y\000:\000\040\000T\000h\000e\000\040\000M\000e\000c\000h\000a\000n\000i\000s\000m\000s\000\040\000o\000f\000\040\000S\000i\000g\000n\000a\000l\000\040\000T\000r\000a\000n\000s\000m\000i\000s\000s\000i\000o\000n}{section.3.2}% 12
\BOOKMARK [2][-]{subsection.3.2.4}{\376\377\000P\000r\000a\000c\000t\000i\000c\000a\000l\000\040\000E\000x\000a\000m\000p\000l\000e\000\040\000o\000f\000\040\000A\000l\000l\000o\000s\000t\000e\000r\000y\000:\000\040\000H\000I\000V\000\040\000P\000r\000o\000t\000e\000a\000s\000e}{section.3.2}% 13
\BOOKMARK [1][-]{section.3.3}{\376\377\000P\000D\000Z\000\040\000D\000o\000m\000a\000i\000n}{chapter.3}% 14
\BOOKMARK [2][-]{subsection.3.3.1}{\376\377\000T\000h\000e\000\040\000P\000D\000Z\000\040\000D\000o\000m\000a\000i\000n}{section.3.3}% 15
\BOOKMARK [2][-]{subsection.3.3.2}{\376\377\000T\000h\000e\000\040\000P\000D\000Z\000\040\000D\000o\000m\000a\000i\000n\000\040\000i\000n\000\040\000t\000h\000e\000\040\0003\000L\000N\000X\000\040\000P\000r\000o\000t\000e\000i\000n\000\040\000a\000n\000d\000\040\000i\000t\000s\000\040\000s\000t\000r\000u\000c\000t\000u\000r\000e}{section.3.3}% 16
\BOOKMARK [0][-]{chapter.4}{\376\377\000N\000o\000r\000m\000a\000l\000\040\000a\000n\000d\000\040\000f\000u\000n\000c\000t\000i\000o\000n\000a\000l\000\040\000m\000o\000d\000e\000\040\000A\000n\000a\000l\000y\000s\000i\000s}{}% 17
\BOOKMARK [1][-]{section.4.1}{\376\377\000I\000n\000t\000r\000o\000d\000u\000c\000t\000i\000o\000n}{chapter.4}% 18
\BOOKMARK [1][-]{section.4.2}{\376\377\000S\000t\000r\000u\000c\000t\000u\000r\000e\040\023\000F\000u\000n\000c\000t\000i\000o\000n\040\023\000D\000y\000n\000a\000m\000i\000c\000s\000\040\000R\000e\000l\000a\000t\000i\000o\000n\000s\000h\000i\000p}{chapter.4}% 19
\BOOKMARK [1][-]{section.4.3}{\376\377\000I\000n\000t\000r\000o\000d\000u\000c\000t\000i\000o\000n\000\040\000t\000o\000\040\000N\000o\000r\000m\000a\000l\000\040\000M\000o\000d\000e\000s\000\040\000a\000n\000d\000\040\000T\000h\000e\000i\000r\000\040\000P\000h\000y\000s\000i\000c\000a\000l\000\040\000S\000i\000g\000n\000i\000f\000i\000c\000a\000n\000c\000e\000\040\000i\000n\000\040\000P\000r\000o\000t\000e\000i\000n\000s}{chapter.4}% 20
\BOOKMARK [1][-]{section.4.4}{\376\377\000G\000a\000u\000s\000s\000i\000a\000n\000\040\000N\000e\000t\000w\000o\000r\000k\000\040\000M\000o\000d\000e\000l}{chapter.4}% 21
\BOOKMARK [1][-]{section.4.5}{\376\377\000I\000n\000t\000e\000r\000p\000r\000e\000t\000a\000t\000i\000o\000n\000\040\000o\000f\000\040\000t\000h\000e\000\040\000T\000a\000y\000l\000o\000r\000\040\000E\000x\000p\000a\000n\000s\000i\000o\000n}{chapter.4}% 22
\BOOKMARK [1][-]{section.4.6}{\376\377\000G\000a\000u\000s\000s\000i\000a\000n\000\040\000N\000e\000t\000w\000o\000r\000k\000\040\000M\000o\000d\000e\000l\000\040\000\050\000G\000N\000M\000\051}{chapter.4}% 23
\BOOKMARK [2][-]{subsection.4.6.1}{\376\377\000D\000e\000r\000i\000v\000a\000t\000i\000o\000n\000\040\000o\000f\000\040\000d\000i\000f\000f\000r\000a\000c\000t\000i\000o\000n\000\040\000i\000n\000t\000e\000n\000s\000i\000t\000y\000\040\000w\000i\000t\000h\000\040\000a\000t\000o\000m\000i\000c\000\040\000v\000i\000b\000r\000a\000t\000i\000o\000n\000s}{section.4.6}% 24
\BOOKMARK [1][-]{section.4.7}{\376\377\000M\000o\000d\000e\000l\000\040\000E\000v\000a\000l\000u\000a\000t\000i\000o\000n\000:\000\040\000R\000M\000S\000E\000\040\000a\000n\000d\000\040\000M\000A\000E\000\040}{chapter.4}% 25
\BOOKMARK [2][-]{subsection.4.7.1}{\376\377\000R\000M\000S\000E\000:\000\040\000R\000o\000o\000t\000\040\000M\000e\000a\000n\000\040\000S\000q\000u\000a\000r\000e\000\040\000E\000r\000r\000o\000r}{section.4.7}% 26
\BOOKMARK [2][-]{subsection.4.7.2}{\376\377\000M\000A\000E\000:\000\040\000M\000e\000a\000n\000\040\000A\000b\000s\000o\000l\000u\000t\000e\000\040\000E\000r\000r\000o\000r}{section.4.7}% 27
\BOOKMARK [1][-]{section.4.8}{\376\377\000S\000t\000o\000c\000h\000a\000s\000t\000i\000c\000\040\000P\000r\000o\000c\000e\000s\000s\000e\000s}{chapter.4}% 28
\BOOKMARK [0][-]{chapter.5}{\376\377\000I\000n\000t\000r\000o\000d\000u\000c\000t\000i\000o\000n\000\040\000t\000o\000\040\000c\000a\000u\000s\000a\000l\000i\000t\000y\000\040\000a\000n\000d\000\040\000c\000a\000u\000s\000a\000l\000i\000t\000y\000\040\000i\000n\000\040\000a\000l\000l\000o\000s\000t\000e\000r\000i\000c\000\040\000m\000e\000c\000h\000a\000n\000i\000s\000m\000s\000\040\000o\000f\000\040\000p\000r\000o\000t\000e\000i\000n\000s}{}% 29
\BOOKMARK [1][-]{section.5.1}{\376\377\000D\000e\000t\000e\000r\000m\000i\000n\000i\000s\000t\000i\000c\000\040\000a\000n\000d\000\040\000S\000t\000o\000c\000h\000a\000s\000t\000i\000c\000\040\000C\000a\000u\000s\000a\000l\000i\000t\000y}{chapter.5}% 30
\BOOKMARK [2][-]{subsection.5.1.1}{\376\377\000D\000e\000t\000e\000r\000m\000i\000n\000i\000s\000t\000i\000c\000\040\000C\000a\000u\000s\000a\000l\000i\000t\000y}{section.5.1}% 31
\BOOKMARK [2][-]{subsection.5.1.2}{\376\377\000S\000t\000o\000c\000h\000a\000s\000t\000i\000c\000\040\000C\000a\000u\000s\000a\000l\000i\000t\000y}{section.5.1}% 32
\BOOKMARK [2][-]{subsection.5.1.3}{\376\377\000C\000a\000u\000s\000a\000l\000i\000t\000y\000\040\000a\000n\000d\000\040\000t\000h\000e\000\040\000S\000h\000a\000n\000n\000o\000n\000\040\000E\000n\000t\000r\000o\000p\000y}{section.5.1}% 33
\BOOKMARK [1][-]{section.5.2}{\376\377\000C\000o\000r\000r\000e\000l\000a\000t\000i\000o\000n}{chapter.5}% 34
\BOOKMARK [2][-]{subsection.5.2.1}{\376\377\000C\000o\000r\000r\000e\000l\000a\000t\000i\000o\000n\000\040\000B\000e\000t\000w\000e\000e\000n\000\040\000F\000l\000u\000c\000t\000u\000a\000t\000i\000o\000n\000s}{section.5.2}% 35
\BOOKMARK [2][-]{subsection.5.2.2}{\376\377\000W\000h\000y\000\040\000C\000o\000r\000r\000e\000l\000a\000t\000i\000o\000n\000\040\000A\000l\000o\000n\000e\000\040\000i\000s\000\040\000N\000o\000t\000\040\000C\000a\000u\000s\000a\000t\000i\000o\000n}{section.5.2}% 36
\BOOKMARK [1][-]{section.5.3}{\376\377\000L\000i\000n\000e\000a\000r\000\040\000R\000e\000s\000p\000o\000n\000s\000e\000\040\000T\000h\000e\000o\000r\000e\000m}{chapter.5}% 37
\BOOKMARK [2][-]{subsection.5.3.1}{\376\377\000D\000e\000r\000i\000v\000a\000t\000i\000o\000n\000\040\000a\000n\000d\000\040\000R\000e\000l\000a\000t\000i\000o\000n\000\040\000t\000o\000\040\000C\000o\000r\000r\000e\000l\000a\000t\000i\000o\000n\000s}{section.5.3}% 38
\BOOKMARK [2][-]{subsection.5.3.2}{\376\377\000W\000h\000y\000\040\000i\000s\000\040\000L\000i\000n\000e\000a\000r\000\040\000R\000e\000s\000p\000o\000n\000s\000e\000\040\000a\000n\000\040\000I\000n\000d\000i\000c\000a\000t\000o\000r\000\040\000o\000f\000\040\000C\000a\000u\000s\000a\000l\000i\000t\000y\000?}{section.5.3}% 39
\BOOKMARK [1][-]{section.5.4}{\376\377\000T\000r\000a\000n\000s\000f\000e\000r\000\040\000E\000n\000t\000r\000o\000p\000y\000:\000\040\000F\000o\000r\000m\000u\000l\000a\000,\000\040\000P\000r\000o\000o\000f\000,\000\040\000a\000n\000d\000\040\000C\000a\000u\000s\000a\000l\000i\000t\000y}{chapter.5}% 40
\BOOKMARK [2][-]{subsection.5.4.1}{\376\377\000D\000e\000f\000i\000n\000i\000t\000i\000o\000n\000\040\000o\000f\000\040\000T\000r\000a\000n\000s\000f\000e\000r\000\040\000E\000n\000t\000r\000o\000p\000y\000\040\000f\000o\000r\000\040\000g\000a\000u\000s\000s\000i\000a\000n\000\040\000s\000y\000s\000t\000e\000m\000s}{section.5.4}% 41
\BOOKMARK [2][-]{subsection.5.4.2}{\376\377\000D\000e\000r\000i\000v\000a\000t\000i\000o\000n\000\040\000o\000f\000\040\000t\000r\000a\000n\000s\000f\000e\000r\000\040\000e\000n\000t\000r\000o\000p\000y\000\040\000f\000o\000r\000\040\000G\000a\000u\000s\000s\000i\000a\000n\000\040\000s\000y\000s\000t\000e\000m}{section.5.4}% 42
\BOOKMARK [2][-]{subsection.5.4.3}{\376\377\000C\000a\000u\000s\000a\000l\000i\000t\000y\000\040\000a\000n\000d\000\040\000T\000r\000a\000n\000s\000f\000e\000r\000\040\000E\000n\000t\000r\000o\000p\000y}{section.5.4}% 43
\BOOKMARK [2][-]{subsection.5.4.4}{\376\377\000R\000e\000l\000a\000t\000i\000o\000n\000\040\000o\000f\000\040\000T\000r\000a\000n\000s\000f\000e\000r\000\040\000E\000n\000t\000r\000o\000p\000y\000\040\000t\000o\000\040\000C\000o\000r\000r\000e\000l\000a\000t\000i\000o\000n\000\040\000a\000n\000d\000\040\000R\000e\000s\000p\000o\000n\000s\000e\000\040\000F\000u\000n\000c\000t\000i\000o\000n\000s\000\040\000a\000n\000d\000\040\000C\000o\000r\000r\000e\000l\000a\000t\000i\000o\000n}{section.5.4}% 44
\BOOKMARK [1][-]{section.5.5}{\376\377\000C\000a\000u\000s\000a\000l\000i\000t\000y\000\040\000i\000n\000d\000i\000c\000a\000t\000o\000r\000s\000\040\000i\000n\000\040\000t\000h\000e\000\040\000s\000t\000o\000c\000h\000a\000s\000t\000i\000c\000\040\000p\000r\000o\000c\000e\000s\000s}{chapter.5}% 45
\BOOKMARK [2][-]{subsection.5.5.1}{\376\377\000C\000o\000v\000a\000r\000i\000a\000n\000c\000e}{section.5.5}% 46
\BOOKMARK [2][-]{subsection.5.5.2}{\376\377\000R\000e\000s\000p\000o\000n\000s\000e\000\040\000F\000u\000n\000c\000t\000i\000o\000n}{section.5.5}% 47
\BOOKMARK [2][-]{subsection.5.5.3}{\376\377\000T\000r\000a\000n\000s\000f\000e\000r\000\040\000E\000n\000t\000r\000o\000p\000y}{section.5.5}% 48
\BOOKMARK [0][-]{chapter.6}{\376\377\000E\000x\000p\000e\000r\000i\000m\000e\000n\000t\000a\000l\000\040\000S\000e\000t\000-\000u\000p\000\040\000a\000n\000d\000\040\000R\000e\000s\000u\000l\000t\000s}{}% 49
\BOOKMARK [1][-]{section.6.1}{\376\377\000D\000e\000t\000a\000i\000l\000e\000d\000\040\000P\000r\000e\000s\000e\000n\000t\000a\000t\000i\000o\000n\000\040\000o\000f\000\040\000D\000a\000t\000a\000s\000e\000t\000\040\0003\000L\000N\000X}{chapter.6}% 50
\BOOKMARK [1][-]{section.6.2}{\376\377\000C\000o\000n\000n\000e\000c\000t\000i\000o\000n\000\040\000R\000a\000d\000i\000u\000s}{chapter.6}% 51
\BOOKMARK [1][-]{section.6.3}{\376\377\000K\000i\000r\000c\000h\000h\000o\000f\000f\000\040\000M\000a\000t\000r\000i\000x}{chapter.6}% 52
\BOOKMARK [1][-]{section.6.4}{\376\377\000C\000o\000v\000a\000r\000i\000a\000n\000c\000e\000\040\000M\000a\000t\000r\000i\000x}{chapter.6}% 53
\BOOKMARK [1][-]{section.6.5}{\376\377\000B\000e\000t\000a\000\040\000F\000a\000c\000t\000o\000r\000s}{chapter.6}% 54
\BOOKMARK [1][-]{section.6.6}{\376\377\000C\000a\000u\000s\000a\000l\000\040\000i\000n\000d\000i\000c\000a\000t\000o\000r\000s\000\040\000i\000n\000\040\000t\000i\000m\000e}{chapter.6}% 55
\BOOKMARK [2][-]{subsection.6.6.1}{\376\377\000C\000o\000r\000r\000e\000l\000a\000t\000i\000o\000n\000\040\000i\000n\000\040\000t\000i\000m\000e}{section.6.6}% 56
\BOOKMARK [2][-]{subsection.6.6.2}{\376\377\000R\000e\000s\000p\000o\000n\000s\000e\000\040\000i\000n\000\040\000t\000i\000m\000e}{section.6.6}% 57
\BOOKMARK [2][-]{subsection.6.6.3}{\376\377\000T\000r\000a\000n\000s\000f\000e\000r\000\040\000e\000n\000t\000r\000o\000p\000y\000\040\000i\000n\000\040\000t\000i\000m\000e}{section.6.6}% 58
\BOOKMARK [1][-]{section.6.7}{\376\377\000C\000a\000u\000s\000a\000l\000\040\000i\000n\000d\000i\000c\000a\000t\000o\000r\000s\000\040\000b\000e\000t\000w\000e\000e\000n\000\040\000r\000e\000s\000i\000d\000u\000e\000s}{chapter.6}% 59
\BOOKMARK [2][-]{subsection.6.7.1}{\376\377\000I\000n\000t\000r\000o\000d\000u\000c\000t\000i\000o\000n}{section.6.7}% 60
\BOOKMARK [2][-]{subsection.6.7.2}{\376\377\000c\000h\000a\000r\000a\000c\000t\000e\000r\000i\000s\000t\000i\000c\000\040\000t\000i\000m\000e\000\040\000d\000e\000t\000e\000r\000m\000i\000n\000a\000t\000i\000o\000n}{section.6.7}% 61
\BOOKMARK [2][-]{subsection.6.7.3}{\376\377\000C\000o\000r\000r\000e\000l\000a\000t\000i\000o\000n\000\040\000b\000e\000t\000w\000e\000e\000n\000\040\000r\000e\000s\000i\000d\000u\000e\000s}{section.6.7}% 62
\BOOKMARK [2][-]{subsection.6.7.4}{\376\377\000R\000e\000s\000p\000o\000n\000s\000e\000\040\000b\000e\000t\000w\000e\000e\000n\000\040\000r\000e\000s\000i\000d\000u\000e\000s}{section.6.7}% 63
\BOOKMARK [2][-]{subsection.6.7.5}{\376\377\000A\000c\000t\000i\000v\000e\000\040\000T\000r\000a\000n\000s\000f\000e\000r\000\040\000e\000n\000t\000r\000o\000p\000i\000e\000s\000\040\000b\000e\000t\000w\000e\000e\000n\000\040\000r\000e\000s\000i\000d\000u\000e\000s}{section.6.7}% 64
\BOOKMARK [2][-]{subsection.6.7.6}{\376\377\000P\000a\000s\000s\000i\000v\000e\000\040\000T\000r\000a\000n\000s\000f\000e\000r\000\040\000e\000n\000t\000r\000o\000p\000i\000e\000s\000\040\000b\000e\000t\000w\000e\000e\000n\000\040\000r\000e\000s\000i\000d\000u\000e\000s\000\040}{section.6.7}% 65
\BOOKMARK [1][-]{section.6.8}{\376\377\000C\000o\000n\000c\000l\000u\000s\000i\000o\000n\000s\000\040\000o\000f\000\040\000e\000q\000u\000l\000i\000b\000r\000i\000u\000m\000\040\000s\000t\000o\000c\000h\000a\000s\000t\000i\000c\000\040\000p\000r\000o\000c\000e\000s\000s}{chapter.6}% 66
\BOOKMARK [0][-]{chapter.7}{\376\377\000O\000u\000t\000-\000o\000f\000-\000E\000q\000u\000i\000l\000i\000b\000r\000i\000u\000m\000\040\000S\000t\000o\000c\000h\000a\000s\000t\000i\000c\000\040\000P\000r\000o\000c\000e\000s\000s\000e\000s\000\040\000I\000n\000d\000u\000c\000e\000d\000\040\000b\000y\000\040\000H\000e\000a\000t\000\040\000G\000r\000a\000d\000i\000e\000n\000t\000s}{}% 67
\BOOKMARK [1][-]{section.7.1}{\376\377\000S\000t\000o\000c\000h\000a\000s\000t\000i\000c\000\040\000D\000y\000n\000a\000m\000i\000c\000s\000\040\000U\000n\000d\000e\000r\000\040\000a\000\040\000H\000e\000a\000t\000\040\000G\000r\000a\000d\000i\000e\000n\000t}{chapter.7}% 68
\BOOKMARK [1][-]{section.7.2}{\376\377\000S\000o\000l\000u\000t\000i\000o\000n\000\040\000s\000t\000o\000c\000h\000a\000s\000t\000i\000c\000\040\000d\000y\000n\000a\000m\000i\000c\000s\000\040\000u\000n\000d\000e\000r\000\040\000a\000\040\000h\000e\000a\000t\000\040\000g\000r\000a\000d\000i\000e\000n\000t}{chapter.7}% 69
\BOOKMARK [1][-]{section.7.3}{\376\377\000T\000e\000m\000p\000e\000r\000a\000t\000u\000r\000e\000\040\000d\000e\000t\000e\000r\000m\000i\000n\000a\000t\000i\000o\000n}{chapter.7}% 70
\BOOKMARK [0][-]{chapter.8}{\376\377\000E\000x\000p\000e\000r\000i\000m\000e\000n\000t\000a\000l\000\040\000r\000e\000s\000u\000l\000t\000s\000\040\000n\000o\000n\000\040\000e\000q\000u\000i\000l\000i\000b\000r\000i\000u\000m\000\040\000d\000y\000n\000a\000m\000i\000c}{}% 71
\BOOKMARK [1][-]{section.8.1}{\376\377\000C\000o\000r\000r\000e\000l\000a\000t\000i\000o\000n\000\040\000M\000a\000t\000r\000i\000x}{chapter.8}% 72
\BOOKMARK [1][-]{section.8.2}{\376\377\000B\000e\000t\000a\000\040\000F\000a\000c\000t\000o\000r\000s}{chapter.8}% 73
\BOOKMARK [1][-]{section.8.3}{\376\377\000C\000a\000u\000s\000a\000l\000\040\000i\000n\000d\000i\000c\000a\000t\000o\000r\000s\000\040\000i\000n\000\040\000t\000i\000m\000e}{chapter.8}% 74
\BOOKMARK [2][-]{subsection.8.3.1}{\376\377\000C\000r\000o\000s\000s\000\040\000c\000o\000v\000a\000r\000i\000a\000n\000c\000e\000\040\000i\000n\000\040\000t\000i\000m\000e}{section.8.3}% 75
\BOOKMARK [2][-]{subsection.8.3.2}{\376\377\000T\000r\000a\000n\000s\000f\000e\000r\000\040\000E\000n\000t\000r\000o\000p\000y\000:\000\040\000F\000o\000r\000w\000a\000r\000d\000\040\000a\000n\000d\000\040\000B\000a\000c\000k\000w\000a\000r\000d\000\040\000D\000y\000n\000a\000m\000i\000c\000s}{section.8.3}% 76
\BOOKMARK [1][-]{section.8.4}{\376\377\000C\000a\000u\000s\000a\000l\000\040\000i\000n\000d\000i\000c\000a\000t\000o\000r\000s\000\040\000b\000e\000t\000w\000e\000e\000n\000\040\000r\000e\000s\000i\000d\000u\000e\000s}{chapter.8}% 77
\BOOKMARK [2][-]{subsection.8.4.1}{\376\377\000C\000o\000r\000r\000e\000l\000a\000t\000i\000o\000n\000\040\000b\000e\000t\000w\000e\000e\000n\000\040\000r\000e\000s\000i\000d\000u\000e\000s}{section.8.4}% 78
\BOOKMARK [2][-]{subsection.8.4.2}{\376\377\000C\000o\000n\000c\000l\000u\000s\000i\000o\000n}{section.8.4}% 79
