This is pdfTeX, Version 3.141592653-2.6-1.40.26 (TeX Live 2024) (preloaded format=pdflatex 2024.9.15)  16 SEP 2024 12:41
entering extended mode
 restricted \write18 enabled.
 file:line:error style messages enabled.
 %&-line parsing enabled.
**/Users/enrico/Desktop/TESI/PROTEINS/STATIC/tesi/ciao.tex
(/Users/enrico/Desktop/TESI/PROTEINS/STATIC/tesi/ciao.tex
LaTeX2e <2024-06-01> patch level 2
L3 programming layer <2024-08-30>
(/usr/local/texlive/2024/texmf-dist/tex/latex/base/article.cls
Document Class: article 2024/02/08 v1.4n Standard LaTeX document class
(/usr/local/texlive/2024/texmf-dist/tex/latex/base/size10.clo
File: size10.clo 2024/02/08 v1.4n Standard LaTeX file (size option)
)
\c@part=\count194
\c@section=\count195
\c@subsection=\count196
\c@subsubsection=\count197
\c@paragraph=\count198
\c@subparagraph=\count199
\c@figure=\count266
\c@table=\count267
\abovecaptionskip=\skip49
\belowcaptionskip=\skip50
\bibindent=\dimen141
) (/usr/local/texlive/2024/texmf-dist/tex/latex/graphics/graphicx.sty
Package: graphicx 2021/09/16 v1.2d Enhanced LaTeX Graphics (DPC,SPQR)
 (/usr/local/texlive/2024/texmf-dist/tex/latex/graphics/keyval.sty
Package: keyval 2022/05/29 v1.15 key=value parser (DPC)
\KV@toks@=\toks17
) (/usr/local/texlive/2024/texmf-dist/tex/latex/graphics/graphics.sty
Package: graphics 2024/05/23 v1.4g Standard LaTeX Graphics (DPC,SPQR)
 (/usr/local/texlive/2024/texmf-dist/tex/latex/graphics/trig.sty
Package: trig 2023/12/02 v1.11 sin cos tan (DPC)
) (/usr/local/texlive/2024/texmf-dist/tex/latex/graphics-cfg/graphics.cfg
File: graphics.cfg 2016/06/04 v1.11 sample graphics configuration
)
Package graphics Info: Driver file: pdftex.def on input line 106.
 (/usr/local/texlive/2024/texmf-dist/tex/latex/graphics-def/pdftex.def
File: pdftex.def 2024/04/13 v1.2c Graphics/color driver for pdftex
))
\Gin@req@height=\dimen142
\Gin@req@width=\dimen143
) (/usr/local/texlive/2024/texmf-dist/tex/latex/float/float.sty
Package: float 2001/11/08 v1.3d Float enhancements (AL)
\c@float@type=\count268
\float@exts=\toks18
\float@box=\box52
\@float@everytoks=\toks19
\@floatcapt=\box53
) (/usr/local/texlive/2024/texmf-dist/tex/latex/l3backend/l3backend-pdftex.def
File: l3backend-pdftex.def 2024-05-08 L3 backend support: PDF output (pdfTeX)
\l__color_backend_stack_int=\count269
\l__pdf_internal_box=\box54
)
No file ciao.aux.
\openout1 = `ciao.aux'.

LaTeX Font Info:    Checking defaults for OML/cmm/m/it on input line 8.
LaTeX Font Info:    ... okay on input line 8.
LaTeX Font Info:    Checking defaults for OMS/cmsy/m/n on input line 8.
LaTeX Font Info:    ... okay on input line 8.
LaTeX Font Info:    Checking defaults for OT1/cmr/m/n on input line 8.
LaTeX Font Info:    ... okay on input line 8.
LaTeX Font Info:    Checking defaults for T1/cmr/m/n on input line 8.
LaTeX Font Info:    ... okay on input line 8.
LaTeX Font Info:    Checking defaults for TS1/cmr/m/n on input line 8.
LaTeX Font Info:    ... okay on input line 8.
LaTeX Font Info:    Checking defaults for OMX/cmex/m/n on input line 8.
LaTeX Font Info:    ... okay on input line 8.
LaTeX Font Info:    Checking defaults for U/cmr/m/n on input line 8.
LaTeX Font Info:    ... okay on input line 8.
(/usr/local/texlive/2024/texmf-dist/tex/context/base/mkii/supp-pdf.mkii
[Loading MPS to PDF converter (version 2006.09.02).]
\scratchcounter=\count270
\scratchdimen=\dimen144
\scratchbox=\box55
\nofMPsegments=\count271
\nofMParguments=\count272
\everyMPshowfont=\toks20
\MPscratchCnt=\count273
\MPscratchDim=\dimen145
\MPnumerator=\count274
\makeMPintoPDFobject=\count275
\everyMPtoPDFconversion=\toks21
) (/usr/local/texlive/2024/texmf-dist/tex/latex/epstopdf-pkg/epstopdf-base.sty
Package: epstopdf-base 2020-01-24 v2.11 Base part for package epstopdf
Package epstopdf-base Info: Redefining graphics rule for `.eps' on input line 485.
 (/usr/local/texlive/2024/texmf-dist/tex/latex/latexconfig/epstopdf-sys.cfg
File: epstopdf-sys.cfg 2010/07/13 v1.3 Configuration of (r)epstopdf for TeX Live
))
LaTeX Font Info:    External font `cmex10' loaded for size
(Font)              <12> on input line 10.
LaTeX Font Info:    External font `cmex10' loaded for size
(Font)              <8> on input line 10.
LaTeX Font Info:    External font `cmex10' loaded for size
(Font)              <6> on input line 10.
LaTeX Font Info:    External font `cmex10' loaded for size
(Font)              <7> on input line 27.
LaTeX Font Info:    External font `cmex10' loaded for size
(Font)              <5> on input line 27.


[1

{/usr/local/texlive/2024/texmf-var/fonts/map/pdftex/updmap/pdftex.map}]

LaTeX Warning: File `images/2m0zResidual Correlation C_ij for i=22 as a function of j at time index 0.png' not found on input line 84.


/Users/enrico/Desktop/TESI/PROTEINS/STATIC/tesi/ciao.tex:84: Package pdftex.def Error: File `images/2m0zResidual Correlation C_ij for i=22 as a function of j at time index 0.png' not found: using draft setting.

See the pdftex.def package documentation for explanation.
Type  H <return>  for immediate help.
 ...                                              
                                                  
l.84 ...22 as a function of j at time index 0.png}
                                                  
Try typing  <return>  to proceed.
If that doesn't work, type  X <return>  to quit.


LaTeX Warning: File `"images/2m0zTime Response R_ij for i=22 as a function of j at time index 0.png"' not found on input line 89.


/Users/enrico/Desktop/TESI/PROTEINS/STATIC/tesi/ciao.tex:89: Package pdftex.def Error: File `images/2m0zTime Response R_ij for i=22 as a function of j at time index 0.png' not found: using draft setting.

See the pdftex.def package documentation for explanation.
Type  H <return>  for immediate help.
 ...                                              
                                                  
l.89 ...2 as a function of j at time index 0.png"}
                                                  
Try typing  <return>  to proceed.
If that doesn't work, type  X <return>  to quit.



[2]

LaTeX Warning: File `"images/2m0zTransfer Entropy TE_ij for i=22 as a function of j at time index 0.png"' not found on input line 95.


/Users/enrico/Desktop/TESI/PROTEINS/STATIC/tesi/ciao.tex:95: Package pdftex.def Error: File `images/2m0zTransfer Entropy TE_ij for i=22 as a function of j at time index 0.png' not found: using draft setting.

See the pdftex.def package documentation for explanation.
Type  H <return>  for immediate help.
 ...                                              
                                                  
l.95 ...2 as a function of j at time index 0.png"}
                                                  
Try typing  <return>  to proceed.
If that doesn't work, type  X <return>  to quit.



[3]

LaTeX Warning: File `"images/2m10Residual Correlation C_ij for i=22 as a function of j at time index 0.png"' not found on input line 102.


/Users/enrico/Desktop/TESI/PROTEINS/STATIC/tesi/ciao.tex:102: Package pdftex.def Error: File `images/2m10Residual Correlation C_ij for i=22 as a function of j at time index 0.png' not found: using draft setting.

See the pdftex.def package documentation for explanation.
Type  H <return>  for immediate help.
 ...                                              
                                                  
l.102 ... as a function of j at time index 0.png"}
                                                  
Try typing  <return>  to proceed.
If that doesn't work, type  X <return>  to quit.


LaTeX Warning: File `"images/2m10Time Response R_ij for i=22 as a function of j at time index 0.png"' not found on input line 107.


/Users/enrico/Desktop/TESI/PROTEINS/STATIC/tesi/ciao.tex:107: Package pdftex.def Error: File `images/2m10Time Response R_ij for i=22 as a function of j at time index 0.png' not found: using draft setting.

See the pdftex.def package documentation for explanation.
Type  H <return>  for immediate help.
 ...                                              
                                                  
l.107 ... as a function of j at time index 0.png"}
                                                  
Try typing  <return>  to proceed.
If that doesn't work, type  X <return>  to quit.



[4]

LaTeX Warning: File `"images/2m10Transfer Entropy TE_ij for i=22 as a function of j at time index 0.png"' not found on input line 113.


/Users/enrico/Desktop/TESI/PROTEINS/STATIC/tesi/ciao.tex:113: Package pdftex.def Error: File `images/2m10Transfer Entropy TE_ij for i=22 as a function of j at time index 0.png' not found: using draft setting.

See the pdftex.def package documentation for explanation.
Type  H <return>  for immediate help.
 ...                                              
                                                  
l.113 ... as a function of j at time index 0.png"}
                                                  
Try typing  <return>  to proceed.
If that doesn't work, type  X <return>  to quit.


LaTeX Warning: File `"images/3LNXResidual Correlation C_ij for i=22 as a function of j at time index 0.png"' not found on input line 119.


/Users/enrico/Desktop/TESI/PROTEINS/STATIC/tesi/ciao.tex:119: Package pdftex.def Error: File `images/3LNXResidual Correlation C_ij for i=22 as a function of j at time index 0.png' not found: using draft setting.

See the pdftex.def package documentation for explanation.
Type  H <return>  for immediate help.
 ...                                              
                                                  
l.119 ... as a function of j at time index 0.png"}
                                                  
Try typing  <return>  to proceed.
If that doesn't work, type  X <return>  to quit.


LaTeX Warning: File `"images/3LNXTime Response R_ij for i=22 as a function of j at time index 0.png"' not found on input line 124.


/Users/enrico/Desktop/TESI/PROTEINS/STATIC/tesi/ciao.tex:124: Package pdftex.def Error: File `images/3LNXTime Response R_ij for i=22 as a function of j at time index 0.png' not found: using draft setting.

See the pdftex.def package documentation for explanation.
Type  H <return>  for immediate help.
 ...                                              
                                                  
l.124 ... as a function of j at time index 0.png"}
                                                  
Try typing  <return>  to proceed.
If that doesn't work, type  X <return>  to quit.



[5]

LaTeX Warning: File `"images/3LNXTransfer Entropy TE_ij for i=22 as a function of j at time index 0.png"' not found on input line 130.


/Users/enrico/Desktop/TESI/PROTEINS/STATIC/tesi/ciao.tex:130: Package pdftex.def Error: File `images/3LNXTransfer Entropy TE_ij for i=22 as a function of j at time index 0.png' not found: using draft setting.

See the pdftex.def package documentation for explanation.
Type  H <return>  for immediate help.
 ...                                              
                                                  
l.130 ... as a function of j at time index 0.png"}
                                                  
Try typing  <return>  to proceed.
If that doesn't work, type  X <return>  to quit.



[6]

LaTeX Warning: File `"images/3LNYResidual Correlation C_ij for i=22 as a function of j at time index 0.png"' not found on input line 136.


/Users/enrico/Desktop/TESI/PROTEINS/STATIC/tesi/ciao.tex:136: Package pdftex.def Error: File `images/3LNYResidual Correlation C_ij for i=22 as a function of j at time index 0.png' not found: using draft setting.

See the pdftex.def package documentation for explanation.
Type  H <return>  for immediate help.
 ...                                              
                                                  
l.136 ... as a function of j at time index 0.png"}
                                                  
Try typing  <return>  to proceed.
If that doesn't work, type  X <return>  to quit.


LaTeX Warning: File `"images/3LNYTime Response R_ij for i=22 as a function of j at time index 0.png"' not found on input line 141.


/Users/enrico/Desktop/TESI/PROTEINS/STATIC/tesi/ciao.tex:141: Package pdftex.def Error: File `images/3LNYTime Response R_ij for i=22 as a function of j at time index 0.png' not found: using draft setting.

See the pdftex.def package documentation for explanation.
Type  H <return>  for immediate help.
 ...                                              
                                                  
l.141 ... as a function of j at time index 0.png"}
                                                  
Try typing  <return>  to proceed.
If that doesn't work, type  X <return>  to quit.



[7]

LaTeX Warning: File `"images/3LNYTransfer Entropy TE_ij for i=22 as a function of j at time index 0.png"' not found on input line 147.


/Users/enrico/Desktop/TESI/PROTEINS/STATIC/tesi/ciao.tex:147: Package pdftex.def Error: File `images/3LNYTransfer Entropy TE_ij for i=22 as a function of j at time index 0.png' not found: using draft setting.

See the pdftex.def package documentation for explanation.
Type  H <return>  for immediate help.
 ...                                              
                                                  
l.147 ... as a function of j at time index 0.png"}
                                                  
Try typing  <return>  to proceed.
If that doesn't work, type  X <return>  to quit.

/Users/enrico/Desktop/TESI/PROTEINS/STATIC/tesi/ciao.tex:162: Undefined control sequence.
l.162     \boldsymbol
                     {\gamma}_i \dot{x}_i = -g \sum_j K_{ij} x_j  + \sqrt{2 ...
The control sequence at the end of the top line
of your error message was never \def'ed. If you have
misspelled it (e.g., `\hobx'), type `I' and the correct
spelling (e.g., `I\hbox'). Otherwise just continue,
and I'll forget about whatever was undefined.

/Users/enrico/Desktop/TESI/PROTEINS/STATIC/tesi/ciao.tex:162: Undefined control sequence.
l.162 ... \sum_j K_{ij} x_j  + \sqrt{2 \boldsymbol
                                                  {\gamma}_i k_B \boldsymbol...
The control sequence at the end of the top line
of your error message was never \def'ed. If you have
misspelled it (e.g., `\hobx'), type `I' and the correct
spelling (e.g., `I\hbox'). Otherwise just continue,
and I'll forget about whatever was undefined.

/Users/enrico/Desktop/TESI/PROTEINS/STATIC/tesi/ciao.tex:162: Undefined control sequence.
l.162 ...t{2 \boldsymbol{\gamma}_i k_B \boldsymbol
                                                  {T}_i} \xi_i(t)
The control sequence at the end of the top line
of your error message was never \def'ed. If you have
misspelled it (e.g., `\hobx'), type `I' and the correct
spelling (e.g., `I\hbox'). Otherwise just continue,
and I'll forget about whatever was undefined.



[8]
/Users/enrico/Desktop/TESI/PROTEINS/STATIC/tesi/ciao.tex:175: Missing $ inserted.
<inserted text> 
                $
l.175 T(r)=T_
             0+(Tb-T0)/R*r
I've inserted a begin-math/end-math symbol since I think
you left one out. Proceed, with fingers crossed.

/Users/enrico/Desktop/TESI/PROTEINS/STATIC/tesi/ciao.tex:176: Missing $ inserted.
<inserted text> 
                $
l.176 
      
I've inserted a begin-math/end-math symbol since I think
you left one out. Proceed, with fingers crossed.



[9] (./ciao.aux)
 ***********
LaTeX2e <2024-06-01> patch level 2
L3 programming layer <2024-08-30>
 ***********
 ) 
Here is how much of TeX's memory you used:
 1749 strings out of 473579
 56293 string characters out of 5728228
 411846 words of memory out of 5000000
 24677 multiletter control sequences out of 15000+600000
 562804 words of font info for 52 fonts, out of 8000000 for 9000
 1141 hyphenation exceptions out of 8191
 57i,6n,65p,458b,284s stack positions out of 10000i,1000n,20000p,200000b,200000s
</usr/local/texlive/2024/texmf-dist/fonts/type1/public/amsfonts/cm/cmbx10.pfb></usr/local/texlive/2024/texmf-dist/fonts/type1/public/amsfonts/cm/cmbx12.pfb></usr/local/texlive/2024/texmf-dist/fonts/type1/public/amsfonts/cm/cmbx7.pfb></usr/local/texlive/2024/texmf-dist/fonts/type1/public/amsfonts/cm/cmex10.pfb></usr/local/texlive/2024/texmf-dist/fonts/type1/public/amsfonts/cm/cmmi10.pfb></usr/local/texlive/2024/texmf-dist/fonts/type1/public/amsfonts/cm/cmmi7.pfb></usr/local/texlive/2024/texmf-dist/fonts/type1/public/amsfonts/cm/cmr10.pfb></usr/local/texlive/2024/texmf-dist/fonts/type1/public/amsfonts/cm/cmr12.pfb></usr/local/texlive/2024/texmf-dist/fonts/type1/public/amsfonts/cm/cmr17.pfb></usr/local/texlive/2024/texmf-dist/fonts/type1/public/amsfonts/cm/cmr7.pfb></usr/local/texlive/2024/texmf-dist/fonts/type1/public/amsfonts/cm/cmsy10.pfb></usr/local/texlive/2024/texmf-dist/fonts/type1/public/amsfonts/cm/cmsy7.pfb></usr/local/texlive/2024/texmf-dist/fonts/type1/public/amsfonts/cm/cmtt10.pfb>
Output written on ciao.pdf (9 pages, 165072 bytes).
PDF statistics:
 99 PDF objects out of 1000 (max. 8388607)
 61 compressed objects within 1 object stream
 0 named destinations out of 1000 (max. 500000)
 1 words of extra memory for PDF output out of 10000 (max. 10000000)

