This is pdfTeX, Version 3.141592653-2.6-1.40.26 (TeX Live 2024) (preloaded format=pdflatex 2024.9.15)  15 SEP 2024 20:12
entering extended mode
 restricted \write18 enabled.
 file:line:error style messages enabled.
 %&-line parsing enabled.
**/Users/enrico/Desktop/TESI/PROTEINS/STATIC/tesi/ciao.tex
(/Users/enrico/Desktop/TESI/PROTEINS/STATIC/tesi/ciao.tex
LaTeX2e <2024-06-01> patch level 2
L3 programming layer <2024-08-30>
(/usr/local/texlive/2024/texmf-dist/tex/latex/base/article.cls
Document Class: article 2024/02/08 v1.4n Standard LaTeX document class
(/usr/local/texlive/2024/texmf-dist/tex/latex/base/size10.clo
File: size10.clo 2024/02/08 v1.4n Standard LaTeX file (size option)
)
\c@part=\count194
\c@section=\count195
\c@subsection=\count196
\c@subsubsection=\count197
\c@paragraph=\count198
\c@subparagraph=\count199
\c@figure=\count266
\c@table=\count267
\abovecaptionskip=\skip49
\belowcaptionskip=\skip50
\bibindent=\dimen141
) (/usr/local/texlive/2024/texmf-dist/tex/latex/graphics/graphicx.sty
Package: graphicx 2021/09/16 v1.2d Enhanced LaTeX Graphics (DPC,SPQR)
 (/usr/local/texlive/2024/texmf-dist/tex/latex/graphics/keyval.sty
Package: keyval 2022/05/29 v1.15 key=value parser (DPC)
\KV@toks@=\toks17
) (/usr/local/texlive/2024/texmf-dist/tex/latex/graphics/graphics.sty
Package: graphics 2024/05/23 v1.4g Standard LaTeX Graphics (DPC,SPQR)
 (/usr/local/texlive/2024/texmf-dist/tex/latex/graphics/trig.sty
Package: trig 2023/12/02 v1.11 sin cos tan (DPC)
) (/usr/local/texlive/2024/texmf-dist/tex/latex/graphics-cfg/graphics.cfg
File: graphics.cfg 2016/06/04 v1.11 sample graphics configuration
)
Package graphics Info: Driver file: pdftex.def on input line 106.
 (/usr/local/texlive/2024/texmf-dist/tex/latex/graphics-def/pdftex.def
File: pdftex.def 2024/04/13 v1.2c Graphics/color driver for pdftex
))
\Gin@req@height=\dimen142
\Gin@req@width=\dimen143
) (/usr/local/texlive/2024/texmf-dist/tex/latex/l3backend/l3backend-pdftex.def
File: l3backend-pdftex.def 2024-05-08 L3 backend support: PDF output (pdfTeX)
\l__color_backend_stack_int=\count268
\l__pdf_internal_box=\box52
) (./ciao.aux)
\openout1 = `ciao.aux'.

LaTeX Font Info:    Checking defaults for OML/cmm/m/it on input line 8.
LaTeX Font Info:    ... okay on input line 8.
LaTeX Font Info:    Checking defaults for OMS/cmsy/m/n on input line 8.
LaTeX Font Info:    ... okay on input line 8.
LaTeX Font Info:    Checking defaults for OT1/cmr/m/n on input line 8.
LaTeX Font Info:    ... okay on input line 8.
LaTeX Font Info:    Checking defaults for T1/cmr/m/n on input line 8.
LaTeX Font Info:    ... okay on input line 8.
LaTeX Font Info:    Checking defaults for TS1/cmr/m/n on input line 8.
LaTeX Font Info:    ... okay on input line 8.
LaTeX Font Info:    Checking defaults for OMX/cmex/m/n on input line 8.
LaTeX Font Info:    ... okay on input line 8.
LaTeX Font Info:    Checking defaults for U/cmr/m/n on input line 8.
LaTeX Font Info:    ... okay on input line 8.
 (/usr/local/texlive/2024/texmf-dist/tex/context/base/mkii/supp-pdf.mkii
[Loading MPS to PDF converter (version 2006.09.02).]
\scratchcounter=\count269
\scratchdimen=\dimen144
\scratchbox=\box53
\nofMPsegments=\count270
\nofMParguments=\count271
\everyMPshowfont=\toks18
\MPscratchCnt=\count272
\MPscratchDim=\dimen145
\MPnumerator=\count273
\makeMPintoPDFobject=\count274
\everyMPtoPDFconversion=\toks19
) (/usr/local/texlive/2024/texmf-dist/tex/latex/epstopdf-pkg/epstopdf-base.sty
Package: epstopdf-base 2020-01-24 v2.11 Base part for package epstopdf
Package epstopdf-base Info: Redefining graphics rule for `.eps' on input line 485.
 (/usr/local/texlive/2024/texmf-dist/tex/latex/latexconfig/epstopdf-sys.cfg
File: epstopdf-sys.cfg 2010/07/13 v1.3 Configuration of (r)epstopdf for TeX Live
))
LaTeX Font Info:    External font `cmex10' loaded for size
(Font)              <12> on input line 10.
LaTeX Font Info:    External font `cmex10' loaded for size
(Font)              <8> on input line 10.
LaTeX Font Info:    External font `cmex10' loaded for size
(Font)              <6> on input line 10.
LaTeX Font Info:    External font `cmex10' loaded for size
(Font)              <7> on input line 27.
LaTeX Font Info:    External font `cmex10' loaded for size
(Font)              <5> on input line 27.


[1

{/usr/local/texlive/2024/texmf-var/fonts/map/pdftex/updmap/pdftex.map}]
/Users/enrico/Desktop/TESI/PROTEINS/STATIC/tesi/ciao.tex:71: Missing $ inserted.
<inserted text> 
                $
l.71 images/2m10Residual Correlation C_
                                       ij for i=22 as a function of j at tim...
I've inserted a begin-math/end-math symbol since I think
you left one out. Proceed, with fingers crossed.

/Users/enrico/Desktop/TESI/PROTEINS/STATIC/tesi/ciao.tex:72: Missing $ inserted.
<inserted text> 
                $
l.72 \section
             {2M0Z}
I've inserted a begin-math/end-math symbol since I think
you left one out. Proceed, with fingers crossed.


Overfull \hbox (25.87921pt too wide) in paragraph at lines 71--72
[]\OT1/cmr/m/n/10 images/2m10Residual Cor-re-la-tion C$[]\OML/cmm/m/it/10 jfori \OT1/cmr/m/n/10 = 22\OML/cmm/m/it/10 asafunctionofjattimeindex\OT1/cmr/m/n/10 0\OML/cmm/m/it/10 :png$ 
 []


LaTeX Warning: File `images/2m0zResidual Correlation C_ij for i=22 as a function of j at time index 0.png' not found on input line 75.


/Users/enrico/Desktop/TESI/PROTEINS/STATIC/tesi/ciao.tex:75: Package pdftex.def Error: File `images/2m0zResidual Correlation C_ij for i=22 as a function of j at time index 0.png' not found: using draft setting.

See the pdftex.def package documentation for explanation.
Type  H <return>  for immediate help.
 ...                                              
                                                  
l.75 ...22 as a function of j at time index 0.png}
                                                  
Try typing  <return>  to proceed.
If that doesn't work, type  X <return>  to quit.


LaTeX Warning: `h' float specifier changed to `ht'.


LaTeX Warning: File `images/2m0zTime Response R_ij for i=22 as a function of j at time index 0.png' not found on input line 80.


/Users/enrico/Desktop/TESI/PROTEINS/STATIC/tesi/ciao.tex:80: Package pdftex.def Error: File `images/2m0zTime Response R_ij for i=22 as a function of j at time index 0.png' not found: using draft setting.

See the pdftex.def package documentation for explanation.
Type  H <return>  for immediate help.
 ...                                              
                                                  
l.80 ...22 as a function of j at time index 0.png}
                                                  
Try typing  <return>  to proceed.
If that doesn't work, type  X <return>  to quit.


LaTeX Warning: `h' float specifier changed to `ht'.


LaTeX Warning: File `images/2m0zTransfer Entropy TE_ij for i=22 as a function of j at time index 0.png' not found on input line 86.


/Users/enrico/Desktop/TESI/PROTEINS/STATIC/tesi/ciao.tex:86: Package pdftex.def Error: File `images/2m0zTransfer Entropy TE_ij for i=22 as a function of j at time index 0.png' not found: using draft setting.

See the pdftex.def package documentation for explanation.
Type  H <return>  for immediate help.
 ...                                              
                                                  
l.86 ...22 as a function of j at time index 0.png}
                                                  
Try typing  <return>  to proceed.
If that doesn't work, type  X <return>  to quit.


LaTeX Warning: `h' float specifier changed to `ht'.


LaTeX Warning: File `images/2m10Residual Correlation C_ij for i=22 as a function of j at time index 0.png' not found on input line 95.


/Users/enrico/Desktop/TESI/PROTEINS/STATIC/tesi/ciao.tex:95: Package pdftex.def Error: File `images/2m10Residual Correlation C_ij for i=22 as a function of j at time index 0.png' not found: using draft setting.

See the pdftex.def package documentation for explanation.
Type  H <return>  for immediate help.
 ...                                              
                                                  
l.95 ...22 as a function of j at time index 0.png}
                                                  
Try typing  <return>  to proceed.
If that doesn't work, type  X <return>  to quit.


LaTeX Warning: `h' float specifier changed to `ht'.


LaTeX Warning: File `images/2m10Time Response R_ij for i=22 as a function of j at time index 0.png' not found on input line 100.


/Users/enrico/Desktop/TESI/PROTEINS/STATIC/tesi/ciao.tex:100: Package pdftex.def Error: File `images/2m10Time Response R_ij for i=22 as a function of j at time index 0.png' not found: using draft setting.

See the pdftex.def package documentation for explanation.
Type  H <return>  for immediate help.
 ...                                              
                                                  
l.100 ...2 as a function of j at time index 0.png}
                                                  
Try typing  <return>  to proceed.
If that doesn't work, type  X <return>  to quit.


LaTeX Warning: `h' float specifier changed to `ht'.


LaTeX Warning: File `images/2m10Transfer Entropy TE_ij for i=22 as a function of j at time index 0.png' not found on input line 106.


/Users/enrico/Desktop/TESI/PROTEINS/STATIC/tesi/ciao.tex:106: Package pdftex.def Error: File `images/2m10Transfer Entropy TE_ij for i=22 as a function of j at time index 0.png' not found: using draft setting.

See the pdftex.def package documentation for explanation.
Type  H <return>  for immediate help.
 ...                                              
                                                  
l.106 ...2 as a function of j at time index 0.png}
                                                  
Try typing  <return>  to proceed.
If that doesn't work, type  X <return>  to quit.


LaTeX Warning: `h' float specifier changed to `ht'.


LaTeX Warning: File `images/3LNXResidual Correlation C_ij for i=22 as a function of j at time index 0.png' not found on input line 112.


/Users/enrico/Desktop/TESI/PROTEINS/STATIC/tesi/ciao.tex:112: Package pdftex.def Error: File `images/3LNXResidual Correlation C_ij for i=22 as a function of j at time index 0.png' not found: using draft setting.

See the pdftex.def package documentation for explanation.
Type  H <return>  for immediate help.
 ...                                              
                                                  
l.112 ...2 as a function of j at time index 0.png}
                                                  
Try typing  <return>  to proceed.
If that doesn't work, type  X <return>  to quit.


LaTeX Warning: `h' float specifier changed to `ht'.


LaTeX Warning: File `images/3LNXTime Response R_ij for i=22 as a function of j at time index 0.png' not found on input line 117.


/Users/enrico/Desktop/TESI/PROTEINS/STATIC/tesi/ciao.tex:117: Package pdftex.def Error: File `images/3LNXTime Response R_ij for i=22 as a function of j at time index 0.png' not found: using draft setting.

See the pdftex.def package documentation for explanation.
Type  H <return>  for immediate help.
 ...                                              
                                                  
l.117 ...2 as a function of j at time index 0.png}
                                                  
Try typing  <return>  to proceed.
If that doesn't work, type  X <return>  to quit.


LaTeX Warning: `h' float specifier changed to `ht'.


LaTeX Warning: File `images/3LNXTransfer Entropy TE_ij for i=22 as a function of j at time index 0.png' not found on input line 123.


/Users/enrico/Desktop/TESI/PROTEINS/STATIC/tesi/ciao.tex:123: Package pdftex.def Error: File `images/3LNXTransfer Entropy TE_ij for i=22 as a function of j at time index 0.png' not found: using draft setting.

See the pdftex.def package documentation for explanation.
Type  H <return>  for immediate help.
 ...                                              
                                                  
l.123 ...2 as a function of j at time index 0.png}
                                                  
Try typing  <return>  to proceed.
If that doesn't work, type  X <return>  to quit.


LaTeX Warning: `h' float specifier changed to `ht'.


LaTeX Warning: File `images/3LNYResidual Correlation C_ij for i=22 as a function of j at time index 0.png' not found on input line 129.


/Users/enrico/Desktop/TESI/PROTEINS/STATIC/tesi/ciao.tex:129: Package pdftex.def Error: File `images/3LNYResidual Correlation C_ij for i=22 as a function of j at time index 0.png' not found: using draft setting.

See the pdftex.def package documentation for explanation.
Type  H <return>  for immediate help.
 ...                                              
                                                  
l.129 ...2 as a function of j at time index 0.png}
                                                  
Try typing  <return>  to proceed.
If that doesn't work, type  X <return>  to quit.


LaTeX Warning: `h' float specifier changed to `ht'.


LaTeX Warning: File `images/3LNYTime Response R_ij for i=22 as a function of j at time index 0.png' not found on input line 134.


/Users/enrico/Desktop/TESI/PROTEINS/STATIC/tesi/ciao.tex:134: Package pdftex.def Error: File `images/3LNYTime Response R_ij for i=22 as a function of j at time index 0.png' not found: using draft setting.

See the pdftex.def package documentation for explanation.
Type  H <return>  for immediate help.
 ...                                              
                                                  
l.134 ...2 as a function of j at time index 0.png}
                                                  
Try typing  <return>  to proceed.
If that doesn't work, type  X <return>  to quit.


LaTeX Warning: `h' float specifier changed to `ht'.


LaTeX Warning: File `images/3LNYTransfer Entropy TE_ij for i=22 as a function of j at time index 0.png' not found on input line 140.


/Users/enrico/Desktop/TESI/PROTEINS/STATIC/tesi/ciao.tex:140: Package pdftex.def Error: File `images/3LNYTransfer Entropy TE_ij for i=22 as a function of j at time index 0.png' not found: using draft setting.

See the pdftex.def package documentation for explanation.
Type  H <return>  for immediate help.
 ...                                              
                                                  
l.140 ...2 as a function of j at time index 0.png}
                                                  
Try typing  <return>  to proceed.
If that doesn't work, type  X <return>  to quit.


LaTeX Warning: `h' float specifier changed to `ht'.



[2]

[3]

[4]

[5]

[6]

[7]

[8] (./ciao.aux)
 ***********
LaTeX2e <2024-06-01> patch level 2
L3 programming layer <2024-08-30>
 ***********
 ) 
Here is how much of TeX's memory you used:
 1669 strings out of 473579
 54198 string characters out of 5728228
 412535 words of memory out of 5000000
 24599 multiletter control sequences out of 15000+600000
 562804 words of font info for 52 fonts, out of 8000000 for 9000
 1141 hyphenation exceptions out of 8191
 57i,6n,65p,458b,284s stack positions out of 10000i,1000n,20000p,200000b,200000s
</usr/local/texlive/2024/texmf-dist/fonts/type1/public/amsfonts/cm/cmbx10.pfb></usr/local/texlive/2024/texmf-dist/fonts/type1/public/amsfonts/cm/cmbx12.pfb></usr/local/texlive/2024/texmf-dist/fonts/type1/public/amsfonts/cm/cmbx7.pfb></usr/local/texlive/2024/texmf-dist/fonts/type1/public/amsfonts/cm/cmex10.pfb></usr/local/texlive/2024/texmf-dist/fonts/type1/public/amsfonts/cm/cmmi10.pfb></usr/local/texlive/2024/texmf-dist/fonts/type1/public/amsfonts/cm/cmmi7.pfb></usr/local/texlive/2024/texmf-dist/fonts/type1/public/amsfonts/cm/cmr10.pfb></usr/local/texlive/2024/texmf-dist/fonts/type1/public/amsfonts/cm/cmr12.pfb></usr/local/texlive/2024/texmf-dist/fonts/type1/public/amsfonts/cm/cmr17.pfb></usr/local/texlive/2024/texmf-dist/fonts/type1/public/amsfonts/cm/cmr7.pfb></usr/local/texlive/2024/texmf-dist/fonts/type1/public/amsfonts/cm/cmsy10.pfb></usr/local/texlive/2024/texmf-dist/fonts/type1/public/amsfonts/cm/cmsy7.pfb></usr/local/texlive/2024/texmf-dist/fonts/type1/public/amsfonts/cm/cmtt10.pfb>
Output written on ciao.pdf (8 pages, 158757 bytes).
PDF statistics:
 96 PDF objects out of 1000 (max. 8388607)
 59 compressed objects within 1 object stream
 0 named destinations out of 1000 (max. 500000)
 1 words of extra memory for PDF output out of 10000 (max. 10000000)

